#
# There is insufficient memory for the Java Runtime Environment to continue.
# Native memory allocation (malloc) failed to allocate 1481136 bytes for Chunk::new
# Possible reasons:
#   The system is out of physical RAM or swap space
#   The process is running with CompressedOops enabled, and the Java Heap may be blocking the growth of the native heap
# Possible solutions:
#   Reduce memory load on the system
#   Increase physical memory or swap space
#   Check if swap backing store is full
#   Decrease Java heap size (-Xmx/-Xms)
#   Decrease number of Java threads
#   Decrease Java thread stack sizes (-Xss)
#   Set larger code cache with -XX:ReservedCodeCacheSize=
#   JVM is running with Unscaled Compressed Oops mode in which the Java heap is
#     placed in the first 4GB address space. The Java Heap base address is the
#     maximum limit for the native heap growth. Please use -XX:HeapBaseMinAddress
#     to set the Java Heap base and to place the Java Heap above 4GB virtual address.
# This output file may be truncated or incomplete.
#
#  Out of Memory Error (arena.cpp:189), pid=48488, tid=70176
#
# JRE version: OpenJDK Runtime Environment Temurin-17.0.6+10 (17.0.6+10) (build 17.0.6+10)
# Java VM: OpenJDK 64-Bit Server VM Temurin-17.0.6+10 (17.0.6+10, mixed mode, tiered, compressed oops, compressed class ptrs, parallel gc, windows-amd64)
# No core dump will be written. Minidumps are not enabled by default on client versions of Windows
#

---------------  S U M M A R Y ------------

Command Line: --add-modules=ALL-SYSTEM --add-opens=java.base/java.util=ALL-UNNAMED --add-opens=java.base/java.lang=ALL-UNNAMED --add-opens=java.base/sun.nio.fs=ALL-UNNAMED -Declipse.application=org.eclipse.jdt.ls.core.id1 -Dosgi.bundles.defaultStartLevel=4 -Declipse.product=org.eclipse.jdt.ls.core.product -Djava.import.generatesMetadataFilesAtProjectRoot=false -Dfile.encoding=utf8 -XX:+UseParallelGC -XX:GCTimeRatio=4 -XX:AdaptiveSizePolicyWeight=90 -Dsun.zip.disableMemoryMapping=true -Xmx1G -Xms100m -Xlog:disable -javaagent:c:\Users\a.dahy.ext\.vscode\extensions\redhat.java-1.15.0-win32-x64\lombok\lombok-1.18.24.jar -XX:+HeapDumpOnOutOfMemoryError -XX:HeapDumpPath=c:\Users\a.dahy.ext\AppData\Roaming\Code\User\workspaceStorage\658cbf1590709fa7ecf1ad534ca19462\redhat.java c:\Users\a.dahy.ext\.vscode\extensions\redhat.java-1.15.0-win32-x64\server\plugins\org.eclipse.equinox.launcher_1.6.400.v20210924-0641.jar -configuration c:\Users\a.dahy.ext\AppData\Roaming\Code\User\globalStorage\redhat.java\1.15.0\config_win -data c:\Users\a.dahy.ext\AppData\Roaming\Code\User\workspaceStorage\658cbf1590709fa7ecf1ad534ca19462\redhat.java\jdt_ws

Host: Intel(R) Core(TM) i7-9750HF CPU @ 2.60GHz, 12 cores, 15G,  Windows 10 , 64 bit Build 19041 (10.0.19041.4717)
Time: Wed Aug 21 19:21:38 2024 Egypt Daylight Time elapsed time: 9519.936604 seconds (0d 2h 38m 39s)

---------------  T H R E A D  ---------------

Current thread (0x0000022a956d06a0):  JavaThread "C2 CompilerThread0" daemon [_thread_in_native, id=70176, stack(0x000000e814e00000,0x000000e814f00000)]


Current CompileTask:
C2:9519937 15214       4       org.eclipse.jdt.internal.codeassist.CompletionEngine::createTypeProposal (397 bytes)

Stack: [0x000000e814e00000,0x000000e814f00000]
Native frames: (J=compiled Java code, j=interpreted, Vv=VM code, C=native code)
V  [jvm.dll+0x67741a]
V  [jvm.dll+0x834434]
V  [jvm.dll+0x835bde]
V  [jvm.dll+0x836243]
V  [jvm.dll+0x2457b5]
V  [jvm.dll+0xabafc]
V  [jvm.dll+0xac0cc]
V  [jvm.dll+0x363492]
V  [jvm.dll+0x1bbb82]
V  [jvm.dll+0x218749]
V  [jvm.dll+0x217a11]
V  [jvm.dll+0x1a3d0d]
V  [jvm.dll+0x22742a]
V  [jvm.dll+0x225565]
V  [jvm.dll+0x7ea2cb]
V  [jvm.dll+0x7e483a]
V  [jvm.dll+0x6762c5]
C  [ucrtbase.dll+0x21bb2]
C  [KERNEL32.DLL+0x17374]
C  [ntdll.dll+0x4cc91]


---------------  P R O C E S S  ---------------

Threads class SMR info:
_java_thread_list=0x0000022a9865f220, length=42, elements={
0x0000022afdaa8970, 0x0000022a956a8750, 0x0000022a956a9840, 0x0000022affcb2720,
0x0000022affcb3ba0, 0x0000022affcb61a0, 0x0000022affcb6f50, 0x0000022a956d06a0,
0x0000022affcb7f30, 0x0000022affcbca70, 0x0000022a9582be60, 0x0000022a959f0a00,
0x0000022a980c1a50, 0x0000022a9805e010, 0x0000022a981b7140, 0x0000022a97399750,
0x0000022a982c5560, 0x0000022a98323210, 0x0000022a98324ef0, 0x0000022a98321ed0,
0x0000022a98321530, 0x0000022a98324550, 0x0000022a98b56550, 0x0000022a9c1222d0,
0x0000022a9c123140, 0x0000022a9c1227a0, 0x0000022a9a21b790, 0x0000022a9a215750,
0x0000022a9a21adf0, 0x0000022a9a219f80, 0x0000022a9a217430, 0x0000022a9a21c600,
0x0000022a9a21b2c0, 0x0000022a9a219ab0, 0x0000022a9a21cad0, 0x0000022a9a21a450,
0x0000022a9a217900, 0x0000022a9a21cfa0, 0x0000022a9a219110, 0x0000022a9a2160f0,
0x0000022a9a2182a0, 0x0000022a9c120ac0
}

Java Threads: ( => current thread )
  0x0000022afdaa8970 JavaThread "main" [_thread_blocked, id=78004, stack(0x000000e814500000,0x000000e814600000)]
  0x0000022a956a8750 JavaThread "Reference Handler" daemon [_thread_blocked, id=77332, stack(0x000000e814800000,0x000000e814900000)]
  0x0000022a956a9840 JavaThread "Finalizer" daemon [_thread_blocked, id=76248, stack(0x000000e814900000,0x000000e814a00000)]
  0x0000022affcb2720 JavaThread "Signal Dispatcher" daemon [_thread_blocked, id=66724, stack(0x000000e814a00000,0x000000e814b00000)]
  0x0000022affcb3ba0 JavaThread "Attach Listener" daemon [_thread_blocked, id=49044, stack(0x000000e814b00000,0x000000e814c00000)]
  0x0000022affcb61a0 JavaThread "Service Thread" daemon [_thread_blocked, id=76804, stack(0x000000e814c00000,0x000000e814d00000)]
  0x0000022affcb6f50 JavaThread "Monitor Deflation Thread" daemon [_thread_blocked, id=60768, stack(0x000000e814d00000,0x000000e814e00000)]
=>0x0000022a956d06a0 JavaThread "C2 CompilerThread0" daemon [_thread_in_native, id=70176, stack(0x000000e814e00000,0x000000e814f00000)]
  0x0000022affcb7f30 JavaThread "C1 CompilerThread0" daemon [_thread_blocked, id=49092, stack(0x000000e814f00000,0x000000e815000000)]
  0x0000022affcbca70 JavaThread "Sweeper thread" daemon [_thread_blocked, id=30200, stack(0x000000e815000000,0x000000e815100000)]
  0x0000022a9582be60 JavaThread "Common-Cleaner" daemon [_thread_blocked, id=8748, stack(0x000000e815100000,0x000000e815200000)]
  0x0000022a959f0a00 JavaThread "Notification Thread" daemon [_thread_blocked, id=68380, stack(0x000000e815200000,0x000000e815300000)]
  0x0000022a980c1a50 JavaThread "Active Thread: Equinox Container: 62ccb5b6-0d8f-47e1-90bc-ffb5f5ae051c" [_thread_blocked, id=15236, stack(0x000000e815b00000,0x000000e815c00000)]
  0x0000022a9805e010 JavaThread "Framework Event Dispatcher: Equinox Container: 62ccb5b6-0d8f-47e1-90bc-ffb5f5ae051c" daemon [_thread_blocked, id=51420, stack(0x000000e815a00000,0x000000e815b00000)]
  0x0000022a981b7140 JavaThread "Start Level: Equinox Container: 62ccb5b6-0d8f-47e1-90bc-ffb5f5ae051c" daemon [_thread_blocked, id=71220, stack(0x000000e815c00000,0x000000e815d00000)]
  0x0000022a97399750 JavaThread "SCR Component Actor" daemon [_thread_blocked, id=70324, stack(0x000000e815d00000,0x000000e815e00000)]
  0x0000022a982c5560 JavaThread "Worker-JM" [_thread_blocked, id=75804, stack(0x000000e816100000,0x000000e816200000)]
  0x0000022a98323210 JavaThread "Worker-1" [_thread_blocked, id=71920, stack(0x000000e816400000,0x000000e816500000)]
  0x0000022a98324ef0 JavaThread "Java indexing" daemon [_thread_in_Java, id=34196, stack(0x000000e816600000,0x000000e816700000)]
  0x0000022a98321ed0 JavaThread "JNA Cleaner" daemon [_thread_blocked, id=51812, stack(0x000000e816900000,0x000000e816a00000)]
  0x0000022a98321530 JavaThread "pool-2-thread-1" [_thread_blocked, id=74716, stack(0x000000e816c00000,0x000000e816d00000)]
  0x0000022a98324550 JavaThread "pool-1-thread-1" [_thread_in_native, id=43348, stack(0x000000e816d00000,0x000000e816e00000)]
  0x0000022a98b56550 JavaThread "Bundle File Closer" daemon [_thread_blocked, id=78684, stack(0x000000e817100000,0x000000e817200000)]
  0x0000022a9c1222d0 JavaThread "Java Debug Server" daemon [_thread_in_native, id=49288, stack(0x000000e815f00000,0x000000e816000000)]
  0x0000022a9c123140 JavaThread "RxSchedulerPurge-1" daemon [_thread_blocked, id=78376, stack(0x000000e816700000,0x000000e816800000)]
  0x0000022a9c1227a0 JavaThread "RxCachedWorkerPoolEvictor-1" daemon [_thread_blocked, id=78340, stack(0x000000e817000000,0x000000e817100000)]
  0x0000022a9a21b790 JavaThread "Worker-14" [_thread_blocked, id=21172, stack(0x000000e816500000,0x000000e816600000)]
  0x0000022a9a215750 JavaThread "Worker-15" [_thread_blocked, id=43632, stack(0x000000e814200000,0x000000e814300000)]
  0x0000022a9a21adf0 JavaThread "Worker-16" [_thread_blocked, id=73592, stack(0x000000e814300000,0x000000e814400000)]
  0x0000022a9a219f80 JavaThread "ForkJoinPool.commonPool-worker-27" daemon [_thread_blocked, id=62040, stack(0x000000e814400000,0x000000e814500000)]
  0x0000022a9a217430 JavaThread "Worker-17: Java indexing... " [_thread_blocked, id=37408, stack(0x000000e816000000,0x000000e816100000)]
  0x0000022a9a21c600 JavaThread "ForkJoinPool.commonPool-worker-28" daemon [_thread_blocked, id=51012, stack(0x000000e816800000,0x000000e816900000)]
  0x0000022a9a21b2c0 JavaThread "ForkJoinPool.commonPool-worker-29" daemon [_thread_blocked, id=18640, stack(0x000000e816a00000,0x000000e816b00000)]
  0x0000022a9a219ab0 JavaThread "ForkJoinPool.commonPool-worker-30" daemon [_thread_blocked, id=76240, stack(0x000000e816b00000,0x000000e816c00000)]
  0x0000022a9a21cad0 JavaThread "ForkJoinPool.commonPool-worker-31" daemon [_thread_blocked, id=1548, stack(0x000000e816e00000,0x000000e816f00000)]
  0x0000022a9a21a450 JavaThread "ForkJoinPool.commonPool-worker-32" daemon [_thread_blocked, id=15320, stack(0x000000e816f00000,0x000000e817000000)]
  0x0000022a9a217900 JavaThread "ForkJoinPool.commonPool-worker-33" daemon [_thread_blocked, id=23304, stack(0x000000e817200000,0x000000e817300000)]
  0x0000022a9a21cfa0 JavaThread "ForkJoinPool.commonPool-worker-34" daemon [_thread_blocked, id=59548, stack(0x000000e817300000,0x000000e817400000)]
  0x0000022a9a219110 JavaThread "ForkJoinPool.commonPool-worker-35" daemon [_thread_blocked, id=79108, stack(0x000000e817400000,0x000000e817500000)]
  0x0000022a9a2160f0 JavaThread "ForkJoinPool.commonPool-worker-36" daemon [_thread_blocked, id=79092, stack(0x000000e817600000,0x000000e817700000)]
  0x0000022a9a2182a0 JavaThread "ForkJoinPool.commonPool-worker-37" daemon [_thread_blocked, id=62028, stack(0x000000e817700000,0x000000e817800000)]
  0x0000022a9c120ac0 JavaThread "pool-1-thread-4" [_thread_blocked, id=58164, stack(0x000000e817b00000,0x000000e817c00000)]

Other Threads:
  0x0000022afdb33610 VMThread "VM Thread" [stack: 0x000000e814700000,0x000000e814800000] [id=51668]
  0x0000022a959c42f0 WatcherThread [stack: 0x000000e815300000,0x000000e815400000] [id=72764]
  0x0000022afdabeec0 GCTaskThread "GC Thread#0" [stack: 0x000000e814600000,0x000000e814700000] [id=70556]
  0x0000022a97258810 GCTaskThread "GC Thread#1" [stack: 0x000000e815400000,0x000000e815500000] [id=73996]
  0x0000022a9744c230 GCTaskThread "GC Thread#2" [stack: 0x000000e815500000,0x000000e815600000] [id=68056]
  0x0000022a9805f5d0 GCTaskThread "GC Thread#3" [stack: 0x000000e815600000,0x000000e815700000] [id=47148]
  0x0000022a9805f880 GCTaskThread "GC Thread#4" [stack: 0x000000e815700000,0x000000e815800000] [id=71200]
  0x0000022a9805fb30 GCTaskThread "GC Thread#5" [stack: 0x000000e815800000,0x000000e815900000] [id=41196]
  0x0000022a98074770 GCTaskThread "GC Thread#6" [stack: 0x000000e815900000,0x000000e815a00000] [id=59604]
  0x0000022a981c4420 GCTaskThread "GC Thread#7" [stack: 0x000000e815e00000,0x000000e815f00000] [id=35780]
  0x0000022a98296a00 GCTaskThread "GC Thread#8" [stack: 0x000000e816200000,0x000000e816300000] [id=69028]
  0x0000022a98296cb0 GCTaskThread "GC Thread#9" [stack: 0x000000e816300000,0x000000e816400000] [id=69304]

Threads with active compile tasks:
C2 CompilerThread0  9520105 15214       4       org.eclipse.jdt.internal.codeassist.CompletionEngine::createTypeProposal (397 bytes)

VM state: not at safepoint (normal execution)

VM Mutex/Monitor currently owned by a thread: None

Heap address: 0x00000000c0000000, size: 1024 MB, Compressed Oops mode: 32-bit

CDS archive(s) not mapped
Compressed class space mapped at: 0x0000000100000000-0x0000000140000000, reserved size: 1073741824
Narrow klass base: 0x0000000000000000, Narrow klass shift: 3, Narrow klass range: 0x140000000

GC Precious Log:
 CPUs: 12 total, 12 available
 Memory: 16295M
 Large Page Support: Disabled
 NUMA Support: Disabled
 Compressed Oops: Enabled (32-bit)
 Alignments: Space 512K, Generation 512K, Heap 2M
 Heap Min Capacity: 100M
 Heap Initial Capacity: 100M
 Heap Max Capacity: 1G
 Pre-touch: Disabled
 Parallel Workers: 10

Heap:
 PSYoungGen      total 14848K, used 9732K [0x00000000eab00000, 0x00000000ebf00000, 0x0000000100000000)
  eden space 11264K, 54% used [0x00000000eab00000,0x00000000eb106eb0,0x00000000eb600000)
  from space 3584K, 99% used [0x00000000eb600000,0x00000000eb97a500,0x00000000eb980000)
  to   space 4608K, 0% used [0x00000000eba80000,0x00000000eba80000,0x00000000ebf00000)
 ParOldGen       total 420864K, used 397165K [0x00000000c0000000, 0x00000000d9b00000, 0x00000000eab00000)
  object space 420864K, 94% used [0x00000000c0000000,0x00000000d83db7c8,0x00000000d9b00000)
 Metaspace       used 83956K, committed 85248K, reserved 1130496K
  class space    used 8845K, committed 9408K, reserved 1048576K

Card table byte_map: [0x0000022aff550000,0x0000022aff760000] _byte_map_base: 0x0000022afef50000

Marking Bits: (ParMarkBitMap*) 0x00007ffd49923e70
 Begin Bits: [0x0000022a91bc0000, 0x0000022a92bc0000)
 End Bits:   [0x0000022a92bc0000, 0x0000022a93bc0000)

Polling page: 0x0000022afd7a0000

Metaspace:

Usage:
  Non-class:     73.35 MB used.
      Class:      8.64 MB used.
       Both:     81.99 MB used.

Virtual space:
  Non-class space:       80.00 MB reserved,      74.06 MB ( 93%) committed,  10 nodes.
      Class space:        1.00 GB reserved,       9.19 MB ( <1%) committed,  1 nodes.
             Both:        1.08 GB reserved,      83.25 MB (  8%) committed. 

Chunk freelists:
   Non-Class:  1.38 MB
       Class:  2.67 MB
        Both:  4.05 MB

MaxMetaspaceSize: unlimited
CompressedClassSpaceSize: 1.00 GB
Initial GC threshold: 21.00 MB
Current GC threshold: 138.06 MB
CDS: off
MetaspaceReclaimPolicy: balanced
 - commit_granule_bytes: 65536.
 - commit_granule_words: 8192.
 - virtual_space_node_default_size: 1048576.
 - enlarge_chunks_in_place: 1.
 - new_chunks_are_fully_committed: 0.
 - uncommit_free_chunks: 1.
 - use_allocation_guard: 0.
 - handle_deallocations: 1.


Internal statistics:

num_allocs_failed_limit: 6.
num_arena_births: 960.
num_arena_deaths: 288.
num_vsnodes_births: 11.
num_vsnodes_deaths: 0.
num_space_committed: 1332.
num_space_uncommitted: 0.
num_chunks_returned_to_freelist: 355.
num_chunks_taken_from_freelist: 4459.
num_chunk_merges: 128.
num_chunk_splits: 2705.
num_chunks_enlarged: 1626.
num_purges: 6.
num_inconsistent_stats: 0.

CodeHeap 'non-profiled nmethods': size=120000Kb used=12263Kb max_used=12263Kb free=107736Kb
 bounds [0x0000022a8a690000, 0x0000022a8b290000, 0x0000022a91bc0000]
CodeHeap 'profiled nmethods': size=120000Kb used=24152Kb max_used=24903Kb free=95847Kb
 bounds [0x0000022a82bc0000, 0x0000022a84420000, 0x0000022a8a0f0000]
CodeHeap 'non-nmethods': size=5760Kb used=1425Kb max_used=1552Kb free=4334Kb
 bounds [0x0000022a8a0f0000, 0x0000022a8a360000, 0x0000022a8a690000]
 total_blobs=12652 nmethods=11873 adapters=692
 compilation: enabled
              stopped_count=0, restarted_count=0
 full_count=0

Compilation events (20 events):
Event: 9516.107 Thread 0x0000022a956d06a0 nmethod 15201 0x0000022a8b27a210 code [0x0000022a8b27a8a0, 0x0000022a8b280d30]
Event: 9516.296 Thread 0x0000022affcb7f30 15205       3       org.eclipse.lsp4j.Range::<init> (5 bytes)
Event: 9516.296 Thread 0x0000022affcb7f30 nmethod 15205 0x0000022a83e8d910 code [0x0000022a83e8daa0, 0x0000022a83e8dbf8]
Event: 9517.727 Thread 0x0000022affcb7f30 15206       3       org.eclipse.jdt.internal.codeassist.select.SelectionScanner::scanIdentifierOrKeyword (40 bytes)
Event: 9517.727 Thread 0x0000022affcb7f30 nmethod 15206 0x0000022a83c84010 code [0x0000022a83c841c0, 0x0000022a83c843e8]
Event: 9517.782 Thread 0x0000022affcb7f30 15207       3       org.eclipse.jdt.core.search.SearchPattern::<init> (86 bytes)
Event: 9517.783 Thread 0x0000022affcb7f30 nmethod 15207 0x0000022a83c3c590 code [0x0000022a83c3c740, 0x0000022a83c3c9d8]
Event: 9517.795 Thread 0x0000022a956d06a0 15208       4       java.lang.Class::getConstructor0 (83 bytes)
Event: 9517.903 Thread 0x0000022a956d06a0 nmethod 15208 0x0000022a8b284090 code [0x0000022a8b2842a0, 0x0000022a8b284c68]
Event: 9517.904 Thread 0x0000022a956d06a0 15209       4       org.eclipse.jdt.internal.compiler.lookup.BinaryTypeBinding::convertMemberValue (230 bytes)
Event: 9517.969 Thread 0x0000022affcb7f30 15211   !   3       org.eclipse.jdt.internal.core.JavaProjectElementInfo::newNameLookup (397 bytes)
Event: 9517.997 Thread 0x0000022affcb7f30 nmethod 15211 0x0000022a8410be90 code [0x0000022a8410c260, 0x0000022a8410e5d8]
Event: 9518.032 Thread 0x0000022affcb7f30 15215       3       org.eclipse.jdt.core.dom.TypeBinding::isAnonymous (36 bytes)
Event: 9518.033 Thread 0x0000022affcb7f30 nmethod 15215 0x0000022a83d51690 code [0x0000022a83d51880, 0x0000022a83d51f08]
Event: 9518.033 Thread 0x0000022affcb7f30 15216       1       org.eclipse.jdt.core.manipulation.ChangeCorrectionProposalCore::getRelevance (5 bytes)
Event: 9518.033 Thread 0x0000022affcb7f30 nmethod 15216 0x0000022a8b285390 code [0x0000022a8b285520, 0x0000022a8b2855f8]
Event: 9518.111 Thread 0x0000022a956d06a0 nmethod 15209 0x0000022a8b285690 code [0x0000022a8b285a40, 0x0000022a8b288030]
Event: 9518.112 Thread 0x0000022a956d06a0 15213       4       org.eclipse.jdt.internal.codeassist.InternalCompletionProposal::<init> (169 bytes)
Event: 9518.113 Thread 0x0000022a956d06a0 nmethod 15213 0x0000022a8b289b10 code [0x0000022a8b289c80, 0x0000022a8b289db8]
Event: 9518.113 Thread 0x0000022a956d06a0 15214       4       org.eclipse.jdt.internal.codeassist.CompletionEngine::createTypeProposal (397 bytes)

GC Heap History (20 events):
Event: 9515.038 GC heap after
{Heap after GC invocations=655 (full 24):
 PSYoungGen      total 13312K, used 737K [0x00000000eab00000, 0x00000000ebb00000, 0x0000000100000000)
  eden space 12288K, 0% used [0x00000000eab00000,0x00000000eab00000,0x00000000eb700000)
  from space 1024K, 72% used [0x00000000eb900000,0x00000000eb9b8558,0x00000000eba00000)
  to   space 1024K, 0% used [0x00000000eba00000,0x00000000eba00000,0x00000000ebb00000)
 ParOldGen       total 420864K, used 393674K [0x00000000c0000000, 0x00000000d9b00000, 0x00000000eab00000)
  object space 420864K, 93% used [0x00000000c0000000,0x00000000d8072800,0x00000000d9b00000)
 Metaspace       used 83927K, committed 85248K, reserved 1130496K
  class space    used 8844K, committed 9408K, reserved 1048576K
}
Event: 9515.234 GC heap before
{Heap before GC invocations=656 (full 24):
 PSYoungGen      total 13312K, used 13025K [0x00000000eab00000, 0x00000000ebb00000, 0x0000000100000000)
  eden space 12288K, 100% used [0x00000000eab00000,0x00000000eb700000,0x00000000eb700000)
  from space 1024K, 72% used [0x00000000eb900000,0x00000000eb9b8558,0x00000000eba00000)
  to   space 1024K, 0% used [0x00000000eba00000,0x00000000eba00000,0x00000000ebb00000)
 ParOldGen       total 420864K, used 393674K [0x00000000c0000000, 0x00000000d9b00000, 0x00000000eab00000)
  object space 420864K, 93% used [0x00000000c0000000,0x00000000d8072800,0x00000000d9b00000)
 Metaspace       used 83927K, committed 85248K, reserved 1130496K
  class space    used 8844K, committed 9408K, reserved 1048576K
}
Event: 9515.237 GC heap after
{Heap after GC invocations=656 (full 24):
 PSYoungGen      total 13312K, used 998K [0x00000000eab00000, 0x00000000ebc00000, 0x0000000100000000)
  eden space 12288K, 0% used [0x00000000eab00000,0x00000000eab00000,0x00000000eb700000)
  from space 1024K, 97% used [0x00000000eba00000,0x00000000ebaf9be0,0x00000000ebb00000)
  to   space 2560K, 0% used [0x00000000eb700000,0x00000000eb700000,0x00000000eb980000)
 ParOldGen       total 420864K, used 394938K [0x00000000c0000000, 0x00000000d9b00000, 0x00000000eab00000)
  object space 420864K, 93% used [0x00000000c0000000,0x00000000d81ae800,0x00000000d9b00000)
 Metaspace       used 83927K, committed 85248K, reserved 1130496K
  class space    used 8844K, committed 9408K, reserved 1048576K
}
Event: 9515.578 GC heap before
{Heap before GC invocations=657 (full 24):
 PSYoungGen      total 13312K, used 13286K [0x00000000eab00000, 0x00000000ebc00000, 0x0000000100000000)
  eden space 12288K, 100% used [0x00000000eab00000,0x00000000eb700000,0x00000000eb700000)
  from space 1024K, 97% used [0x00000000eba00000,0x00000000ebaf9be0,0x00000000ebb00000)
  to   space 2560K, 0% used [0x00000000eb700000,0x00000000eb700000,0x00000000eb980000)
 ParOldGen       total 420864K, used 394938K [0x00000000c0000000, 0x00000000d9b00000, 0x00000000eab00000)
  object space 420864K, 93% used [0x00000000c0000000,0x00000000d81ae800,0x00000000d9b00000)
 Metaspace       used 83927K, committed 85248K, reserved 1130496K
  class space    used 8844K, committed 9408K, reserved 1048576K
}
Event: 9515.581 GC heap after
{Heap after GC invocations=657 (full 24):
 PSYoungGen      total 14848K, used 2513K [0x00000000eab00000, 0x00000000ebd00000, 0x0000000100000000)
  eden space 12288K, 0% used [0x00000000eab00000,0x00000000eab00000,0x00000000eb700000)
  from space 2560K, 98% used [0x00000000eb700000,0x00000000eb9745e0,0x00000000eb980000)
  to   space 3072K, 0% used [0x00000000eba00000,0x00000000eba00000,0x00000000ebd00000)
 ParOldGen       total 420864K, used 395194K [0x00000000c0000000, 0x00000000d9b00000, 0x00000000eab00000)
  object space 420864K, 93% used [0x00000000c0000000,0x00000000d81ee800,0x00000000d9b00000)
 Metaspace       used 83927K, committed 85248K, reserved 1130496K
  class space    used 8844K, committed 9408K, reserved 1048576K
}
Event: 9516.112 GC heap before
{Heap before GC invocations=658 (full 24):
 PSYoungGen      total 14848K, used 14801K [0x00000000eab00000, 0x00000000ebd00000, 0x0000000100000000)
  eden space 12288K, 100% used [0x00000000eab00000,0x00000000eb700000,0x00000000eb700000)
  from space 2560K, 98% used [0x00000000eb700000,0x00000000eb9745e0,0x00000000eb980000)
  to   space 3072K, 0% used [0x00000000eba00000,0x00000000eba00000,0x00000000ebd00000)
 ParOldGen       total 420864K, used 395194K [0x00000000c0000000, 0x00000000d9b00000, 0x00000000eab00000)
  object space 420864K, 93% used [0x00000000c0000000,0x00000000d81ee800,0x00000000d9b00000)
 Metaspace       used 83953K, committed 85248K, reserved 1130496K
  class space    used 8845K, committed 9408K, reserved 1048576K
}
Event: 9516.116 GC heap after
{Heap after GC invocations=658 (full 24):
 PSYoungGen      total 14848K, used 3068K [0x00000000eab00000, 0x00000000ebe00000, 0x0000000100000000)
  eden space 11776K, 0% used [0x00000000eab00000,0x00000000eab00000,0x00000000eb680000)
  from space 3072K, 99% used [0x00000000eba00000,0x00000000ebcff3e0,0x00000000ebd00000)
  to   space 3584K, 0% used [0x00000000eb680000,0x00000000eb680000,0x00000000eba00000)
 ParOldGen       total 420864K, used 395194K [0x00000000c0000000, 0x00000000d9b00000, 0x00000000eab00000)
  object space 420864K, 93% used [0x00000000c0000000,0x00000000d81ee800,0x00000000d9b00000)
 Metaspace       used 83953K, committed 85248K, reserved 1130496K
  class space    used 8845K, committed 9408K, reserved 1048576K
}
Event: 9516.435 GC heap before
{Heap before GC invocations=659 (full 24):
 PSYoungGen      total 14848K, used 14844K [0x00000000eab00000, 0x00000000ebe00000, 0x0000000100000000)
  eden space 11776K, 100% used [0x00000000eab00000,0x00000000eb680000,0x00000000eb680000)
  from space 3072K, 99% used [0x00000000eba00000,0x00000000ebcff3e0,0x00000000ebd00000)
  to   space 3584K, 0% used [0x00000000eb680000,0x00000000eb680000,0x00000000eba00000)
 ParOldGen       total 420864K, used 395194K [0x00000000c0000000, 0x00000000d9b00000, 0x00000000eab00000)
  object space 420864K, 93% used [0x00000000c0000000,0x00000000d81ee800,0x00000000d9b00000)
 Metaspace       used 83953K, committed 85248K, reserved 1130496K
  class space    used 8845K, committed 9408K, reserved 1048576K
}
Event: 9516.439 GC heap after
{Heap after GC invocations=659 (full 24):
 PSYoungGen      total 15360K, used 3578K [0x00000000eab00000, 0x00000000ebf80000, 0x0000000100000000)
  eden space 11776K, 0% used [0x00000000eab00000,0x00000000eab00000,0x00000000eb680000)
  from space 3584K, 99% used [0x00000000eb680000,0x00000000eb9fe828,0x00000000eba00000)
  to   space 4608K, 0% used [0x00000000ebb00000,0x00000000ebb00000,0x00000000ebf80000)
 ParOldGen       total 420864K, used 395842K [0x00000000c0000000, 0x00000000d9b00000, 0x00000000eab00000)
  object space 420864K, 94% used [0x00000000c0000000,0x00000000d8290800,0x00000000d9b00000)
 Metaspace       used 83953K, committed 85248K, reserved 1130496K
  class space    used 8845K, committed 9408K, reserved 1048576K
}
Event: 9517.288 GC heap before
{Heap before GC invocations=660 (full 24):
 PSYoungGen      total 15360K, used 15353K [0x00000000eab00000, 0x00000000ebf80000, 0x0000000100000000)
  eden space 11776K, 99% used [0x00000000eab00000,0x00000000eb67fdb8,0x00000000eb680000)
  from space 3584K, 99% used [0x00000000eb680000,0x00000000eb9fe828,0x00000000eba00000)
  to   space 4608K, 0% used [0x00000000ebb00000,0x00000000ebb00000,0x00000000ebf80000)
 ParOldGen       total 420864K, used 395842K [0x00000000c0000000, 0x00000000d9b00000, 0x00000000eab00000)
  object space 420864K, 94% used [0x00000000c0000000,0x00000000d8290800,0x00000000d9b00000)
 Metaspace       used 83953K, committed 85248K, reserved 1130496K
  class space    used 8845K, committed 9408K, reserved 1048576K
}
Event: 9517.290 GC heap after
{Heap after GC invocations=660 (full 24):
 PSYoungGen      total 13312K, used 1373K [0x00000000eab00000, 0x00000000ebc80000, 0x0000000100000000)
  eden space 11776K, 0% used [0x00000000eab00000,0x00000000eab00000,0x00000000eb680000)
  from space 1536K, 89% used [0x00000000ebb00000,0x00000000ebc574f8,0x00000000ebc80000)
  to   space 2560K, 0% used [0x00000000eb780000,0x00000000eb780000,0x00000000eba00000)
 ParOldGen       total 420864K, used 395898K [0x00000000c0000000, 0x00000000d9b00000, 0x00000000eab00000)
  object space 420864K, 94% used [0x00000000c0000000,0x00000000d829e800,0x00000000d9b00000)
 Metaspace       used 83953K, committed 85248K, reserved 1130496K
  class space    used 8845K, committed 9408K, reserved 1048576K
}
Event: 9517.762 GC heap before
{Heap before GC invocations=661 (full 24):
 PSYoungGen      total 13312K, used 13149K [0x00000000eab00000, 0x00000000ebc80000, 0x0000000100000000)
  eden space 11776K, 99% used [0x00000000eab00000,0x00000000eb67ffd8,0x00000000eb680000)
  from space 1536K, 89% used [0x00000000ebb00000,0x00000000ebc574f8,0x00000000ebc80000)
  to   space 2560K, 0% used [0x00000000eb780000,0x00000000eb780000,0x00000000eba00000)
 ParOldGen       total 420864K, used 395898K [0x00000000c0000000, 0x00000000d9b00000, 0x00000000eab00000)
  object space 420864K, 94% used [0x00000000c0000000,0x00000000d829e800,0x00000000d9b00000)
 Metaspace       used 83954K, committed 85248K, reserved 1130496K
  class space    used 8845K, committed 9408K, reserved 1048576K
}
Event: 9517.765 GC heap after
{Heap after GC invocations=661 (full 24):
 PSYoungGen      total 14336K, used 2535K [0x00000000eab00000, 0x00000000ebc80000, 0x0000000100000000)
  eden space 11776K, 0% used [0x00000000eab00000,0x00000000eab00000,0x00000000eb680000)
  from space 2560K, 99% used [0x00000000eb780000,0x00000000eb9f9f00,0x00000000eba00000)
  to   space 2560K, 0% used [0x00000000eba00000,0x00000000eba00000,0x00000000ebc80000)
 ParOldGen       total 420864K, used 396010K [0x00000000c0000000, 0x00000000d9b00000, 0x00000000eab00000)
  object space 420864K, 94% used [0x00000000c0000000,0x00000000d82ba800,0x00000000d9b00000)
 Metaspace       used 83954K, committed 85248K, reserved 1130496K
  class space    used 8845K, committed 9408K, reserved 1048576K
}
Event: 9517.846 GC heap before
{Heap before GC invocations=662 (full 24):
 PSYoungGen      total 14336K, used 14311K [0x00000000eab00000, 0x00000000ebc80000, 0x0000000100000000)
  eden space 11776K, 100% used [0x00000000eab00000,0x00000000eb680000,0x00000000eb680000)
  from space 2560K, 99% used [0x00000000eb780000,0x00000000eb9f9f00,0x00000000eba00000)
  to   space 2560K, 0% used [0x00000000eba00000,0x00000000eba00000,0x00000000ebc80000)
 ParOldGen       total 420864K, used 396010K [0x00000000c0000000, 0x00000000d9b00000, 0x00000000eab00000)
  object space 420864K, 94% used [0x00000000c0000000,0x00000000d82ba800,0x00000000d9b00000)
 Metaspace       used 83954K, committed 85248K, reserved 1130496K
  class space    used 8845K, committed 9408K, reserved 1048576K
}
Event: 9517.888 GC heap after
{Heap after GC invocations=662 (full 24):
 PSYoungGen      total 14336K, used 2535K [0x00000000eab00000, 0x00000000ebc80000, 0x0000000100000000)
  eden space 11776K, 0% used [0x00000000eab00000,0x00000000eab00000,0x00000000eb680000)
  from space 2560K, 99% used [0x00000000eba00000,0x00000000ebc79f00,0x00000000ebc80000)
  to   space 3072K, 0% used [0x00000000eb680000,0x00000000eb680000,0x00000000eb980000)
 ParOldGen       total 420864K, used 396410K [0x00000000c0000000, 0x00000000d9b00000, 0x00000000eab00000)
  object space 420864K, 94% used [0x00000000c0000000,0x00000000d831e800,0x00000000d9b00000)
 Metaspace       used 83954K, committed 85248K, reserved 1130496K
  class space    used 8845K, committed 9408K, reserved 1048576K
}
Event: 9518.012 GC heap before
{Heap before GC invocations=663 (full 24):
 PSYoungGen      total 14336K, used 14311K [0x00000000eab00000, 0x00000000ebc80000, 0x0000000100000000)
  eden space 11776K, 100% used [0x00000000eab00000,0x00000000eb680000,0x00000000eb680000)
  from space 2560K, 99% used [0x00000000eba00000,0x00000000ebc79f00,0x00000000ebc80000)
  to   space 3072K, 0% used [0x00000000eb680000,0x00000000eb680000,0x00000000eb980000)
 ParOldGen       total 420864K, used 396410K [0x00000000c0000000, 0x00000000d9b00000, 0x00000000eab00000)
  object space 420864K, 94% used [0x00000000c0000000,0x00000000d831e838,0x00000000d9b00000)
 Metaspace       used 83954K, committed 85248K, reserved 1130496K
  class space    used 8845K, committed 9408K, reserved 1048576K
}
Event: 9518.015 GC heap after
{Heap after GC invocations=663 (full 24):
 PSYoungGen      total 14848K, used 3027K [0x00000000eab00000, 0x00000000ebc80000, 0x0000000100000000)
  eden space 11776K, 0% used [0x00000000eab00000,0x00000000eab00000,0x00000000eb680000)
  from space 3072K, 98% used [0x00000000eb680000,0x00000000eb974d00,0x00000000eb980000)
  to   space 3072K, 0% used [0x00000000eb980000,0x00000000eb980000,0x00000000ebc80000)
 ParOldGen       total 420864K, used 396650K [0x00000000c0000000, 0x00000000d9b00000, 0x00000000eab00000)
  object space 420864K, 94% used [0x00000000c0000000,0x00000000d835a838,0x00000000d9b00000)
 Metaspace       used 83954K, committed 85248K, reserved 1130496K
  class space    used 8845K, committed 9408K, reserved 1048576K
}
Event: 9518.553 GC heap before
{Heap before GC invocations=664 (full 24):
 PSYoungGen      total 14848K, used 14803K [0x00000000eab00000, 0x00000000ebc80000, 0x0000000100000000)
  eden space 11776K, 100% used [0x00000000eab00000,0x00000000eb680000,0x00000000eb680000)
  from space 3072K, 98% used [0x00000000eb680000,0x00000000eb974d00,0x00000000eb980000)
  to   space 3072K, 0% used [0x00000000eb980000,0x00000000eb980000,0x00000000ebc80000)
 ParOldGen       total 420864K, used 396653K [0x00000000c0000000, 0x00000000d9b00000, 0x00000000eab00000)
  object space 420864K, 94% used [0x00000000c0000000,0x00000000d835b7c8,0x00000000d9b00000)
 Metaspace       used 83956K, committed 85248K, reserved 1130496K
  class space    used 8845K, committed 9408K, reserved 1048576K
}
Event: 9518.579 GC heap after
{Heap after GC invocations=664 (full 24):
 PSYoungGen      total 14336K, used 3049K [0x00000000eab00000, 0x00000000ebd80000, 0x0000000100000000)
  eden space 11264K, 0% used [0x00000000eab00000,0x00000000eab00000,0x00000000eb600000)
  from space 3072K, 99% used [0x00000000eb980000,0x00000000ebc7a500,0x00000000ebc80000)
  to   space 3584K, 0% used [0x00000000eb600000,0x00000000eb600000,0x00000000eb980000)
 ParOldGen       total 420864K, used 396725K [0x00000000c0000000, 0x00000000d9b00000, 0x00000000eab00000)
  object space 420864K, 94% used [0x00000000c0000000,0x00000000d836d7c8,0x00000000d9b00000)
 Metaspace       used 83956K, committed 85248K, reserved 1130496K
  class space    used 8845K, committed 9408K, reserved 1048576K
}
Event: 9519.124 GC heap before
{Heap before GC invocations=665 (full 24):
 PSYoungGen      total 14336K, used 14313K [0x00000000eab00000, 0x00000000ebd80000, 0x0000000100000000)
  eden space 11264K, 100% used [0x00000000eab00000,0x00000000eb600000,0x00000000eb600000)
  from space 3072K, 99% used [0x00000000eb980000,0x00000000ebc7a500,0x00000000ebc80000)
  to   space 3584K, 0% used [0x00000000eb600000,0x00000000eb600000,0x00000000eb980000)
 ParOldGen       total 420864K, used 396725K [0x00000000c0000000, 0x00000000d9b00000, 0x00000000eab00000)
  object space 420864K, 94% used [0x00000000c0000000,0x00000000d836d7c8,0x00000000d9b00000)
 Metaspace       used 83956K, committed 85248K, reserved 1130496K
  class space    used 8845K, committed 9408K, reserved 1048576K
}

Dll operation events (13 events):
Event: 0.118 Loaded shared library c:\Users\a.dahy.ext\.vscode\extensions\redhat.java-1.15.0-win32-x64\jre\17.0.6-win32-x86_64\bin\java.dll
Event: 0.386 Loaded shared library c:\Users\a.dahy.ext\.vscode\extensions\redhat.java-1.15.0-win32-x64\jre\17.0.6-win32-x86_64\bin\zip.dll
Event: 0.393 Loaded shared library C:\Users\a.dahy.ext\.vscode\extensions\redhat.java-1.15.0-win32-x64\jre\17.0.6-win32-x86_64\bin\instrument.dll
Event: 0.479 Loaded shared library C:\Users\a.dahy.ext\.vscode\extensions\redhat.java-1.15.0-win32-x64\jre\17.0.6-win32-x86_64\bin\net.dll
Event: 0.492 Loaded shared library C:\Users\a.dahy.ext\.vscode\extensions\redhat.java-1.15.0-win32-x64\jre\17.0.6-win32-x86_64\bin\nio.dll
Event: 0.507 Loaded shared library C:\Users\a.dahy.ext\.vscode\extensions\redhat.java-1.15.0-win32-x64\jre\17.0.6-win32-x86_64\bin\zip.dll
Event: 0.541 Loaded shared library C:\Users\a.dahy.ext\.vscode\extensions\redhat.java-1.15.0-win32-x64\jre\17.0.6-win32-x86_64\bin\jimage.dll
Event: 0.717 Loaded shared library c:\Users\a.dahy.ext\.vscode\extensions\redhat.java-1.15.0-win32-x64\jre\17.0.6-win32-x86_64\bin\verify.dll
Event: 3.198 Loaded shared library C:\Users\a.dahy.ext\AppData\Roaming\Code\User\globalStorage\redhat.java\1.15.0\config_win\org.eclipse.equinox.launcher\org.eclipse.equinox.launcher.win32.win32.x86_64_1.2.700.v20221108-1024\eclipse_11801.dll
Event: 4.617 Loaded shared library C:\Users\a.dahy.ext\.vscode\extensions\redhat.java-1.15.0-win32-x64\jre\17.0.6-win32-x86_64\bin\management.dll
Event: 4.624 Loaded shared library C:\Users\a.dahy.ext\.vscode\extensions\redhat.java-1.15.0-win32-x64\jre\17.0.6-win32-x86_64\bin\management_ext.dll
Event: 10.577 Loaded shared library C:\Users\a.dahy.ext\AppData\Local\Temp\jna--1953932946\jna10989745847658420402.dll
Event: 53.961 Loaded shared library C:\Users\a.dahy.ext\.vscode\extensions\redhat.java-1.15.0-win32-x64\jre\17.0.6-win32-x86_64\bin\sunmscapi.dll

Deoptimization events (20 events):
Event: 9510.089 Thread 0x0000022a9a217900 Uncommon trap: trap_request=0xffffff45 fr.pc=0x0000022a8aff6608 relative=0x0000000000001ca8
Event: 9510.089 Thread 0x0000022a9a217900 Uncommon trap: reason=unstable_if action=reinterpret pc=0x0000022a8aff6608 method=java.net.URI.decode(Ljava/lang/String;Z)Ljava/lang/String; @ 270 c2
Event: 9510.089 Thread 0x0000022a9a217900 DEOPT PACKING pc=0x0000022a8aff6608 sp=0x000000e8172fe980
Event: 9510.089 Thread 0x0000022a9a217900 DEOPT UNPACKING pc=0x0000022a8a1466a3 sp=0x000000e8172fe968 mode 2
Event: 9510.810 Thread 0x0000022a9a219ab0 Uncommon trap: trap_request=0xffffff45 fr.pc=0x0000022a8b1e1b04 relative=0x0000000000002664
Event: 9510.810 Thread 0x0000022a9a219ab0 Uncommon trap: reason=unstable_if action=reinterpret pc=0x0000022a8b1e1b04 method=org.eclipse.jdt.internal.compiler.classfmt.FieldInfo.readConstantAttribute()V @ 149 c2
Event: 9510.810 Thread 0x0000022a9a219ab0 DEOPT PACKING pc=0x0000022a8b1e1b04 sp=0x000000e816bfd580
Event: 9510.810 Thread 0x0000022a9a219ab0 DEOPT UNPACKING pc=0x0000022a8a1466a3 sp=0x000000e816bfd558 mode 2
Event: 9510.862 Thread 0x0000022a9a217900 Uncommon trap: trap_request=0xffffffde fr.pc=0x0000022a8acdc170 relative=0x0000000000000cf0
Event: 9510.862 Thread 0x0000022a9a217900 Uncommon trap: reason=class_check action=maybe_recompile pc=0x0000022a8acdc170 method=org.eclipse.jdt.internal.core.JavaElement.openWhenClosed(Ljava/lang/Object;ZLorg/eclipse/core/runtime/IProgressMonitor;)Ljava/lang/Object; @ 74 c2
Event: 9510.862 Thread 0x0000022a9a217900 DEOPT PACKING pc=0x0000022a8acdc170 sp=0x000000e8172fe710
Event: 9510.862 Thread 0x0000022a9a217900 DEOPT UNPACKING pc=0x0000022a8a1466a3 sp=0x000000e8172fe658 mode 2
Event: 9511.167 Thread 0x0000022a9a21a450 Uncommon trap: trap_request=0xffffffde fr.pc=0x0000022a8acdc170 relative=0x0000000000000cf0
Event: 9511.167 Thread 0x0000022a9a21a450 Uncommon trap: reason=class_check action=maybe_recompile pc=0x0000022a8acdc170 method=org.eclipse.jdt.internal.core.JavaElement.openWhenClosed(Ljava/lang/Object;ZLorg/eclipse/core/runtime/IProgressMonitor;)Ljava/lang/Object; @ 74 c2
Event: 9511.167 Thread 0x0000022a9a21a450 DEOPT PACKING pc=0x0000022a8acdc170 sp=0x000000e816ffe5c0
Event: 9511.167 Thread 0x0000022a9a21a450 DEOPT UNPACKING pc=0x0000022a8a1466a3 sp=0x000000e816ffe508 mode 2
Event: 9511.906 Thread 0x0000022a9a217900 Uncommon trap: trap_request=0xfffffff4 fr.pc=0x0000022a8afb2e18 relative=0x0000000000003cf8
Event: 9511.906 Thread 0x0000022a9a217900 Uncommon trap: reason=null_check action=make_not_entrant pc=0x0000022a8afb2e18 method=java.lang.ThreadLocal$ThreadLocalMap.expungeStaleEntry(I)I @ 51 c2
Event: 9511.906 Thread 0x0000022a9a217900 DEOPT PACKING pc=0x0000022a8afb2e18 sp=0x000000e8172fdb70
Event: 9511.906 Thread 0x0000022a9a217900 DEOPT UNPACKING pc=0x0000022a8a1466a3 sp=0x000000e8172fd910 mode 2

Classes unloaded (20 events):
Event: 9385.968 Thread 0x0000022afdb33610 Unloading class 0x000000010063b400 'java/lang/invoke/LambdaForm$DMH+0x000000010063b400'
Event: 9385.968 Thread 0x0000022afdb33610 Unloading class 0x000000010063b000 'jdk/internal/reflect/GeneratedSerializationConstructorAccessor8'
Event: 9385.969 Thread 0x0000022afdb33610 Unloading class 0x0000000100588400 'jdk/internal/reflect/GeneratedSerializationConstructorAccessor2'
Event: 9385.969 Thread 0x0000022afdb33610 Unloading class 0x0000000100588000 'jdk/internal/reflect/GeneratedSerializationConstructorAccessor1'
Event: 9385.970 Thread 0x0000022afdb33610 Unloading class 0x0000000100531800 'java/lang/invoke/LambdaForm$MH+0x0000000100531800'
Event: 9385.970 Thread 0x0000022afdb33610 Unloading class 0x0000000100531400 'java/lang/invoke/LambdaForm$MH+0x0000000100531400'
Event: 9385.970 Thread 0x0000022afdb33610 Unloading class 0x0000000100531000 'java/lang/invoke/LambdaForm$MH+0x0000000100531000'
Event: 9385.970 Thread 0x0000022afdb33610 Unloading class 0x0000000100530c00 'java/lang/invoke/LambdaForm$MH+0x0000000100530c00'
Event: 9385.970 Thread 0x0000022afdb33610 Unloading class 0x0000000100530800 'java/lang/invoke/LambdaForm$MH+0x0000000100530800'
Event: 9385.970 Thread 0x0000022afdb33610 Unloading class 0x0000000100530400 'java/lang/invoke/LambdaForm$MH+0x0000000100530400'
Event: 9385.970 Thread 0x0000022afdb33610 Unloading class 0x00000001003b4400 'java/lang/invoke/LambdaForm$MH+0x00000001003b4400'
Event: 9385.970 Thread 0x0000022afdb33610 Unloading class 0x00000001001d0000 'jdk/internal/reflect/GeneratedConstructorAccessor4'
Event: 9385.971 Thread 0x0000022afdb33610 Unloading class 0x00000001001a2800 'java/lang/invoke/LambdaForm$MH+0x00000001001a2800'
Event: 9385.971 Thread 0x0000022afdb33610 Unloading class 0x00000001001a2000 'java/lang/invoke/LambdaForm$MH+0x00000001001a2000'
Event: 9385.971 Thread 0x0000022afdb33610 Unloading class 0x00000001001a1c00 'java/lang/invoke/LambdaForm$MH+0x00000001001a1c00'
Event: 9385.971 Thread 0x0000022afdb33610 Unloading class 0x00000001001a1800 'java/lang/invoke/LambdaForm$MH+0x00000001001a1800'
Event: 9385.971 Thread 0x0000022afdb33610 Unloading class 0x00000001001a1000 'java/lang/invoke/LambdaForm$MH+0x00000001001a1000'
Event: 9385.971 Thread 0x0000022afdb33610 Unloading class 0x00000001001a0c00 'java/lang/invoke/LambdaForm$MH+0x00000001001a0c00'
Event: 9385.971 Thread 0x0000022afdb33610 Unloading class 0x00000001001a0800 'java/lang/invoke/LambdaForm$MH+0x00000001001a0800'
Event: 9385.971 Thread 0x0000022afdb33610 Unloading class 0x00000001001a0000 'java/lang/invoke/LambdaForm$MH+0x00000001001a0000'

Classes redefined (0 events):
No events

Internal exceptions (20 events):
Event: 9511.876 Thread 0x0000022a9a217900 Exception <a 'java/lang/ArrayIndexOutOfBoundsException'{0x00000000eb53e618}> (0x00000000eb53e618) 
thrown [s\src\hotspot\share\runtime\sharedRuntime.cpp, line 628]
Event: 9511.876 Thread 0x0000022a9a217900 Exception <a 'java/lang/ArrayIndexOutOfBoundsException'{0x00000000eb53e9b0}> (0x00000000eb53e9b0) 
thrown [s\src\hotspot\share\runtime\sharedRuntime.cpp, line 628]
Event: 9511.906 Thread 0x0000022a9a217900 Implicit null exception at 0x0000022a8afb0334 to 0x0000022a8afb2dec
Event: 9512.450 Thread 0x0000022a98324ef0 Exception <a 'sun/nio/fs/WindowsException'{0x00000000eae1c5d8}> (0x00000000eae1c5d8) 
thrown [s\src\hotspot\share\prims\jni.cpp, line 516]
Event: 9513.457 Thread 0x0000022a98324ef0 Exception <a 'sun/nio/fs/WindowsException'{0x00000000eb300580}> (0x00000000eb300580) 
thrown [s\src\hotspot\share\prims\jni.cpp, line 516]
Event: 9513.607 Thread 0x0000022a98324ef0 Exception <a 'sun/nio/fs/WindowsException'{0x00000000eb6ed3f0}> (0x00000000eb6ed3f0) 
thrown [s\src\hotspot\share\prims\jni.cpp, line 516]
Event: 9513.701 Thread 0x0000022a98324ef0 Exception <a 'sun/nio/fs/WindowsException'{0x00000000eaca5628}> (0x00000000eaca5628) 
thrown [s\src\hotspot\share\prims\jni.cpp, line 516]
Event: 9513.875 Thread 0x0000022a98324ef0 Exception <a 'sun/nio/fs/WindowsException'{0x00000000eb575988}> (0x00000000eb575988) 
thrown [s\src\hotspot\share\prims\jni.cpp, line 516]
Event: 9514.037 Thread 0x0000022a9a219ab0 Exception <a 'java/lang/ArrayIndexOutOfBoundsException'{0x00000000ead23308}> (0x00000000ead23308) 
thrown [s\src\hotspot\share\runtime\sharedRuntime.cpp, line 628]
Event: 9514.037 Thread 0x0000022a9a219ab0 Exception <a 'java/lang/ArrayIndexOutOfBoundsException'{0x00000000ead23a38}> (0x00000000ead23a38) 
thrown [s\src\hotspot\share\runtime\sharedRuntime.cpp, line 628]
Event: 9514.037 Thread 0x0000022a9a219ab0 Exception <a 'java/lang/ArrayIndexOutOfBoundsException'{0x00000000ead23dd0}> (0x00000000ead23dd0) 
thrown [s\src\hotspot\share\runtime\sharedRuntime.cpp, line 628]
Event: 9514.140 Thread 0x0000022a98324ef0 Exception <a 'sun/nio/fs/WindowsException'{0x00000000eab69840}> (0x00000000eab69840) 
thrown [s\src\hotspot\share\prims\jni.cpp, line 516]
Event: 9514.165 Thread 0x0000022a9a219ab0 Exception <a 'java/lang/ArrayIndexOutOfBoundsException'{0x00000000eac3e278}> (0x00000000eac3e278) 
thrown [s\src\hotspot\share\runtime\sharedRuntime.cpp, line 628]
Event: 9514.165 Thread 0x0000022a9a219ab0 Exception <a 'java/lang/ArrayIndexOutOfBoundsException'{0x00000000eac3e9a8}> (0x00000000eac3e9a8) 
thrown [s\src\hotspot\share\runtime\sharedRuntime.cpp, line 628]
Event: 9514.165 Thread 0x0000022a9a219ab0 Exception <a 'java/lang/ArrayIndexOutOfBoundsException'{0x00000000eac3ed40}> (0x00000000eac3ed40) 
thrown [s\src\hotspot\share\runtime\sharedRuntime.cpp, line 628]
Event: 9514.925 Thread 0x0000022a98324ef0 Exception <a 'sun/nio/fs/WindowsException'{0x00000000eb598210}> (0x00000000eb598210) 
thrown [s\src\hotspot\share\prims\jni.cpp, line 516]
Event: 9517.123 Thread 0x0000022a98324ef0 Exception <a 'sun/nio/fs/WindowsException'{0x00000000eb240e60}> (0x00000000eb240e60) 
thrown [s\src\hotspot\share\prims\jni.cpp, line 516]
Event: 9517.996 Thread 0x0000022a9a217900 Exception <a 'java/lang/ArrayIndexOutOfBoundsException'{0x00000000eb0d2ad0}> (0x00000000eb0d2ad0) 
thrown [s\src\hotspot\share\runtime\sharedRuntime.cpp, line 628]
Event: 9517.996 Thread 0x0000022a9a217900 Exception <a 'java/lang/ArrayIndexOutOfBoundsException'{0x00000000eb0d3200}> (0x00000000eb0d3200) 
thrown [s\src\hotspot\share\runtime\sharedRuntime.cpp, line 628]
Event: 9517.996 Thread 0x0000022a9a217900 Exception <a 'java/lang/ArrayIndexOutOfBoundsException'{0x00000000eb0d3598}> (0x00000000eb0d3598) 
thrown [s\src\hotspot\share\runtime\sharedRuntime.cpp, line 628]

VM Operations (20 events):
Event: 9515.237 Executing VM operation: ParallelGCFailedAllocation done
Event: 9515.577 Executing VM operation: ParallelGCFailedAllocation
Event: 9515.581 Executing VM operation: ParallelGCFailedAllocation done
Event: 9516.112 Executing VM operation: ParallelGCFailedAllocation
Event: 9516.116 Executing VM operation: ParallelGCFailedAllocation done
Event: 9516.435 Executing VM operation: ParallelGCFailedAllocation
Event: 9516.439 Executing VM operation: ParallelGCFailedAllocation done
Event: 9517.288 Executing VM operation: ParallelGCFailedAllocation
Event: 9517.290 Executing VM operation: ParallelGCFailedAllocation done
Event: 9517.733 Executing VM operation: ParallelGCFailedAllocation
Event: 9517.765 Executing VM operation: ParallelGCFailedAllocation done
Event: 9517.846 Executing VM operation: ParallelGCFailedAllocation
Event: 9517.914 Executing VM operation: ParallelGCFailedAllocation done
Event: 9518.012 Executing VM operation: ParallelGCFailedAllocation
Event: 9518.012 Executing VM operation: ParallelGCFailedAllocation done
Event: 9518.012 Executing VM operation: ParallelGCSystemGC
Event: 9518.015 Executing VM operation: ParallelGCSystemGC done
Event: 9518.553 Executing VM operation: ParallelGCFailedAllocation
Event: 9518.579 Executing VM operation: ParallelGCFailedAllocation done
Event: 9519.124 Executing VM operation: ParallelGCFailedAllocation

Events (20 events):
Event: 9504.117 loading class java/util/stream/Nodes$IntFixedNodeBuilder
Event: 9504.117 loading class java/util/stream/Node$Builder$OfInt
Event: 9504.117 loading class java/util/stream/Node$Builder$OfInt done
Event: 9504.117 loading class java/util/stream/Nodes$IntArrayNode
Event: 9504.118 loading class java/util/stream/Nodes$IntArrayNode done
Event: 9504.118 loading class java/util/stream/Nodes$IntFixedNodeBuilder done
Event: 9504.118 loading class java/util/stream/ReferencePipeline$4$1
Event: 9504.118 loading class java/util/stream/ReferencePipeline$4$1 done
Event: 9507.375 Thread 0x0000022a9b8dbcf0 Thread added: 0x0000022a9b8dbcf0
Event: 9510.086 loading class java/util/stream/ReferencePipeline$15
Event: 9510.086 loading class java/util/stream/ReferencePipeline$15 done
Event: 9510.087 loading class java/util/stream/ReferencePipeline$15$1
Event: 9510.087 loading class java/util/stream/ReferencePipeline$15$1 done
Event: 9510.193 Thread 0x0000022a9b8dbcf0 Thread exited: 0x0000022a9b8dbcf0
Event: 9510.702 Thread 0x0000022a9aa97cc0 Thread added: 0x0000022a9aa97cc0
Event: 9511.008 loading class java/lang/Throwable$WrappedPrintWriter
Event: 9511.008 loading class java/lang/Throwable$PrintStreamOrWriter
Event: 9511.008 loading class java/lang/Throwable$PrintStreamOrWriter done
Event: 9511.008 loading class java/lang/Throwable$WrappedPrintWriter done
Event: 9513.317 Thread 0x0000022a9aa97cc0 Thread exited: 0x0000022a9aa97cc0


Dynamic libraries:
0x00007ff6e61b0000 - 0x00007ff6e61be000 	c:\Users\a.dahy.ext\.vscode\extensions\redhat.java-1.15.0-win32-x64\jre\17.0.6-win32-x86_64\bin\java.exe
0x00007ffe17c30000 - 0x00007ffe17e28000 	C:\Windows\SYSTEM32\ntdll.dll
0x00007ffe176f0000 - 0x00007ffe177b1000 	C:\Windows\System32\KERNEL32.DLL
0x00007ffe15620000 - 0x00007ffe1591d000 	C:\Windows\System32\KERNELBASE.dll
0x00007ffe159b0000 - 0x00007ffe15ab0000 	C:\Windows\System32\ucrtbase.dll
0x00007ffe0a450000 - 0x00007ffe0a469000 	c:\Users\a.dahy.ext\.vscode\extensions\redhat.java-1.15.0-win32-x64\jre\17.0.6-win32-x86_64\bin\VCRUNTIME140.dll
0x00007ffe0ad70000 - 0x00007ffe0ad87000 	c:\Users\a.dahy.ext\.vscode\extensions\redhat.java-1.15.0-win32-x64\jre\17.0.6-win32-x86_64\bin\jli.dll
0x00007ffe16160000 - 0x00007ffe162fd000 	C:\Windows\System32\USER32.dll
0x00007ffe15c00000 - 0x00007ffe15c22000 	C:\Windows\System32\win32u.dll
0x00007ffe16880000 - 0x00007ffe168ab000 	C:\Windows\System32\GDI32.dll
0x00007ffdfc1b0000 - 0x00007ffdfc44a000 	C:\Windows\WinSxS\amd64_microsoft.windows.common-controls_6595b64144ccf1df_6.0.19041.4355_none_60b8b9eb71f62e16\COMCTL32.dll
0x00007ffe152b0000 - 0x00007ffe153c7000 	C:\Windows\System32\gdi32full.dll
0x00007ffe168b0000 - 0x00007ffe1694e000 	C:\Windows\System32\msvcrt.dll
0x00007ffe153d0000 - 0x00007ffe1546d000 	C:\Windows\System32\msvcp_win.dll
0x00007ffe15d70000 - 0x00007ffe15d9f000 	C:\Windows\System32\IMM32.DLL
0x00007ffe10920000 - 0x00007ffe1092c000 	c:\Users\a.dahy.ext\.vscode\extensions\redhat.java-1.15.0-win32-x64\jre\17.0.6-win32-x86_64\bin\vcruntime140_1.dll
0x00007ffdc9a30000 - 0x00007ffdc9ac1000 	c:\Users\a.dahy.ext\.vscode\extensions\redhat.java-1.15.0-win32-x64\jre\17.0.6-win32-x86_64\bin\msvcp140.dll
0x00007ffd48da0000 - 0x00007ffd499e7000 	c:\Users\a.dahy.ext\.vscode\extensions\redhat.java-1.15.0-win32-x64\jre\17.0.6-win32-x86_64\bin\server\jvm.dll
0x00007ffe167d0000 - 0x00007ffe16880000 	C:\Windows\System32\ADVAPI32.dll
0x00007ffe16ee0000 - 0x00007ffe16f80000 	C:\Windows\System32\sechost.dll
0x00007ffe17a90000 - 0x00007ffe17bb3000 	C:\Windows\System32\RPCRT4.dll
0x00007ffe15ab0000 - 0x00007ffe15ad7000 	C:\Windows\System32\bcrypt.dll
0x00007ffdfa210000 - 0x00007ffdfa219000 	C:\Windows\SYSTEM32\WSOCK32.dll
0x00007ffe16950000 - 0x00007ffe169bb000 	C:\Windows\System32\WS2_32.dll
0x00007ffe02de0000 - 0x00007ffe02e07000 	C:\Windows\SYSTEM32\WINMM.dll
0x00007ffe0c8c0000 - 0x00007ffe0c8ca000 	C:\Windows\SYSTEM32\VERSION.dll
0x00007ffe13b00000 - 0x00007ffe13b12000 	C:\Windows\SYSTEM32\kernel.appcore.dll
0x00007ffe0d650000 - 0x00007ffe0d65a000 	c:\Users\a.dahy.ext\.vscode\extensions\redhat.java-1.15.0-win32-x64\jre\17.0.6-win32-x86_64\bin\jimage.dll
0x00007ffe13480000 - 0x00007ffe13664000 	C:\Windows\SYSTEM32\DBGHELP.DLL
0x00007ffdfc8c0000 - 0x00007ffdfc8f4000 	C:\Windows\SYSTEM32\dbgcore.DLL
0x00007ffe15920000 - 0x00007ffe159a2000 	C:\Windows\System32\bcryptPrimitives.dll
0x00007ffe0ad60000 - 0x00007ffe0ad6e000 	c:\Users\a.dahy.ext\.vscode\extensions\redhat.java-1.15.0-win32-x64\jre\17.0.6-win32-x86_64\bin\instrument.dll
0x00007ffdfaf80000 - 0x00007ffdfafa5000 	c:\Users\a.dahy.ext\.vscode\extensions\redhat.java-1.15.0-win32-x64\jre\17.0.6-win32-x86_64\bin\java.dll
0x00007ffdfb820000 - 0x00007ffdfb838000 	c:\Users\a.dahy.ext\.vscode\extensions\redhat.java-1.15.0-win32-x64\jre\17.0.6-win32-x86_64\bin\zip.dll
0x00007ffe16f80000 - 0x00007ffe176ef000 	C:\Windows\System32\SHELL32.dll
0x00007ffe12c20000 - 0x00007ffe133bf000 	C:\Windows\SYSTEM32\windows.storage.dll
0x00007ffe15da0000 - 0x00007ffe160f3000 	C:\Windows\System32\combase.dll
0x00007ffe14bf0000 - 0x00007ffe14c1e000 	C:\Windows\SYSTEM32\Wldp.dll
0x00007ffe178e0000 - 0x00007ffe179ad000 	C:\Windows\System32\OLEAUT32.dll
0x00007ffe169c0000 - 0x00007ffe16a6d000 	C:\Windows\System32\SHCORE.dll
0x00007ffe179b0000 - 0x00007ffe17a05000 	C:\Windows\System32\shlwapi.dll
0x00007ffe151e0000 - 0x00007ffe15204000 	C:\Windows\SYSTEM32\profapi.dll
0x00007ffde4e60000 - 0x00007ffde4e79000 	C:\Users\a.dahy.ext\.vscode\extensions\redhat.java-1.15.0-win32-x64\jre\17.0.6-win32-x86_64\bin\net.dll
0x00007ffe0bf00000 - 0x00007ffe0c00d000 	C:\Windows\SYSTEM32\WINHTTP.dll
0x00007ffe149d0000 - 0x00007ffe14a3a000 	C:\Windows\system32\mswsock.dll
0x00007ffdd8bd0000 - 0x00007ffdd8be5000 	C:\Users\a.dahy.ext\.vscode\extensions\redhat.java-1.15.0-win32-x64\jre\17.0.6-win32-x86_64\bin\nio.dll
0x00007ffe0a710000 - 0x00007ffe0a720000 	c:\Users\a.dahy.ext\.vscode\extensions\redhat.java-1.15.0-win32-x64\jre\17.0.6-win32-x86_64\bin\verify.dll
0x00007ffdd2fc0000 - 0x00007ffdd2ffe000 	C:\Users\a.dahy.ext\AppData\Roaming\Code\User\globalStorage\redhat.java\1.15.0\config_win\org.eclipse.equinox.launcher\org.eclipse.equinox.launcher.win32.win32.x86_64_1.2.700.v20221108-1024\eclipse_11801.dll
0x00007ffe166a0000 - 0x00007ffe167cb000 	C:\Windows\System32\ole32.dll
0x00007ffdfbef0000 - 0x00007ffdfbef9000 	C:\Users\a.dahy.ext\.vscode\extensions\redhat.java-1.15.0-win32-x64\jre\17.0.6-win32-x86_64\bin\management.dll
0x00007ffdfbe20000 - 0x00007ffdfbe2b000 	C:\Users\a.dahy.ext\.vscode\extensions\redhat.java-1.15.0-win32-x64\jre\17.0.6-win32-x86_64\bin\management_ext.dll
0x00007ffe177c0000 - 0x00007ffe177c8000 	C:\Windows\System32\PSAPI.DLL
0x00007ffe14c30000 - 0x00007ffe14c48000 	C:\Windows\SYSTEM32\CRYPTSP.dll
0x00007ffe14240000 - 0x00007ffe14274000 	C:\Windows\system32\rsaenh.dll
0x00007ffe15190000 - 0x00007ffe151be000 	C:\Windows\SYSTEM32\USERENV.dll
0x00007ffe14b60000 - 0x00007ffe14b6c000 	C:\Windows\SYSTEM32\CRYPTBASE.dll
0x00007ffe14680000 - 0x00007ffe146bb000 	C:\Windows\SYSTEM32\IPHLPAPI.DLL
0x00007ffe177d0000 - 0x00007ffe177d8000 	C:\Windows\System32\NSI.dll
0x00007ffe0fb90000 - 0x00007ffe0fba7000 	C:\Windows\SYSTEM32\dhcpcsvc6.DLL
0x00007ffe0f810000 - 0x00007ffe0f82d000 	C:\Windows\SYSTEM32\dhcpcsvc.DLL
0x00007ffe146c0000 - 0x00007ffe1478a000 	C:\Windows\SYSTEM32\DNSAPI.dll
0x00007ffdd1e70000 - 0x00007ffdd1eb5000 	C:\Users\a.dahy.ext\AppData\Local\Temp\jna--1953932946\jna10989745847658420402.dll
0x00007ffdfb800000 - 0x00007ffdfb80e000 	C:\Users\a.dahy.ext\.vscode\extensions\redhat.java-1.15.0-win32-x64\jre\17.0.6-win32-x86_64\bin\sunmscapi.dll
0x00007ffe154c0000 - 0x00007ffe1561e000 	C:\Windows\System32\CRYPT32.dll
0x00007ffe14ce0000 - 0x00007ffe14d09000 	C:\Windows\SYSTEM32\ncrypt.dll
0x00007ffe14c80000 - 0x00007ffe14cbb000 	C:\Windows\SYSTEM32\NTASN1.dll
0x00007ffe09fb0000 - 0x00007ffe09fba000 	C:\Windows\System32\rasadhlp.dll
0x00007ffe10780000 - 0x00007ffe10800000 	C:\Windows\System32\fwpuclnt.dll

dbghelp: loaded successfully - version: 4.0.5 - missing functions: none
symbol engine: initialized successfully - sym options: 0x614 - pdb path: .;c:\Users\a.dahy.ext\.vscode\extensions\redhat.java-1.15.0-win32-x64\jre\17.0.6-win32-x86_64\bin;C:\Windows\SYSTEM32;C:\Windows\WinSxS\amd64_microsoft.windows.common-controls_6595b64144ccf1df_6.0.19041.4355_none_60b8b9eb71f62e16;c:\Users\a.dahy.ext\.vscode\extensions\redhat.java-1.15.0-win32-x64\jre\17.0.6-win32-x86_64\bin\server;C:\Users\a.dahy.ext\AppData\Roaming\Code\User\globalStorage\redhat.java\1.15.0\config_win\org.eclipse.equinox.launcher\org.eclipse.equinox.launcher.win32.win32.x86_64_1.2.700.v20221108-1024;C:\Users\a.dahy.ext\AppData\Local\Temp\jna--1953932946

VM Arguments:
jvm_args: --add-modules=ALL-SYSTEM --add-opens=java.base/java.util=ALL-UNNAMED --add-opens=java.base/java.lang=ALL-UNNAMED --add-opens=java.base/sun.nio.fs=ALL-UNNAMED -Declipse.application=org.eclipse.jdt.ls.core.id1 -Dosgi.bundles.defaultStartLevel=4 -Declipse.product=org.eclipse.jdt.ls.core.product -Djava.import.generatesMetadataFilesAtProjectRoot=false -Dfile.encoding=utf8 -XX:+UseParallelGC -XX:GCTimeRatio=4 -XX:AdaptiveSizePolicyWeight=90 -Dsun.zip.disableMemoryMapping=true -Xmx1G -Xms100m -Xlog:disable -javaagent:c:\Users\a.dahy.ext\.vscode\extensions\redhat.java-1.15.0-win32-x64\lombok\lombok-1.18.24.jar -XX:+HeapDumpOnOutOfMemoryError -XX:HeapDumpPath=c:\Users\a.dahy.ext\AppData\Roaming\Code\User\workspaceStorage\658cbf1590709fa7ecf1ad534ca19462\redhat.java 
java_command: c:\Users\a.dahy.ext\.vscode\extensions\redhat.java-1.15.0-win32-x64\server\plugins\org.eclipse.equinox.launcher_1.6.400.v20210924-0641.jar -configuration c:\Users\a.dahy.ext\AppData\Roaming\Code\User\globalStorage\redhat.java\1.15.0\config_win -data c:\Users\a.dahy.ext\AppData\Roaming\Code\User\workspaceStorage\658cbf1590709fa7ecf1ad534ca19462\redhat.java\jdt_ws
java_class_path (initial): c:\Users\a.dahy.ext\.vscode\extensions\redhat.java-1.15.0-win32-x64\server\plugins\org.eclipse.equinox.launcher_1.6.400.v20210924-0641.jar
Launcher Type: SUN_STANDARD

[Global flags]
    uintx AdaptiveSizePolicyWeight                 = 90                                        {product} {command line}
     intx CICompilerCount                          = 4                                         {product} {ergonomic}
    uintx GCTimeRatio                              = 4                                         {product} {command line}
     bool HeapDumpOnOutOfMemoryError               = true                                   {manageable} {command line}
    ccstr HeapDumpPath                             = c:\Users\a.dahy.ext\AppData\Roaming\Code\User\workspaceStorage\658cbf1590709fa7ecf1ad534ca19462\redhat.java         {manageable} {command line}
   size_t InitialHeapSize                          = 104857600                                 {product} {command line}
   size_t MaxHeapSize                              = 1073741824                                {product} {command line}
   size_t MaxNewSize                               = 357564416                                 {product} {ergonomic}
   size_t MinHeapDeltaBytes                        = 524288                                    {product} {ergonomic}
   size_t MinHeapSize                              = 104857600                                 {product} {command line}
   size_t NewSize                                  = 34603008                                  {product} {ergonomic}
    uintx NonNMethodCodeHeapSize                   = 5839372                                {pd product} {ergonomic}
    uintx NonProfiledCodeHeapSize                  = 122909434                              {pd product} {ergonomic}
   size_t OldSize                                  = 70254592                                  {product} {ergonomic}
    uintx ProfiledCodeHeapSize                     = 122909434                              {pd product} {ergonomic}
    uintx ReservedCodeCacheSize                    = 251658240                              {pd product} {ergonomic}
     bool SegmentedCodeCache                       = true                                      {product} {ergonomic}
   size_t SoftMaxHeapSize                          = 1073741824                             {manageable} {ergonomic}
     bool UseCompressedClassPointers               = true                           {product lp64_product} {ergonomic}
     bool UseCompressedOops                        = true                           {product lp64_product} {ergonomic}
     bool UseLargePagesIndividualAllocation        = false                                  {pd product} {ergonomic}
     bool UseParallelGC                            = true                                      {product} {command line}

Logging:
Log output configuration:
 #0: stdout all=off uptime,level,tags
 #1: stderr all=off uptime,level,tags

Environment Variables:
JAVA_HOME=C:\Program Files\Java\jdk-22
PATH=C:\Program Files\Java\jdk-22\bin;C:\ffmpeg\bin;C:\Program Files\Common Files\Oracle\Java\javapath;C:\Python310\Scripts\;C:\Python310\;C:\Windows\system32;C:\Windows;C:\Windows\System32\Wbem;C:\Windows\System32\WindowsPowerShell\v1.0\;C:\Windows\System32\OpenSSH\;C:\ProgramData\chocolatey\bin;C:\Users\a.dahy.ext\AppData\Roaming\npm;C:\Users\a.dahy.ext\AppData\Local\Microsoft\WindowsApps;C:\Users\a.dahy.ext\AppData\Local\Programs\Microsoft VS Code\bin;C:\Program Files\PuTTY\;C:\minikube;C:\Program Files (x86)\Yarn\bin\;C:\Program Files\Microsoft SQL Server\130\Tools\Binn\;C:\Program Files\Microsoft SQL Server\Client SDK\ODBC\170\Tools\Binn\;C:\Program Files (x86)\Microsoft SQL Server\160\Tools\Binn\;C:\Program Files\Microsoft SQL Server\160\Tools\Binn\;C:\Program Files\Microsoft SQL Server\160\DTS\Binn\;C:\Program Files (x86)\Microsoft SQL Server\160\DTS\Binn\;C:\Program Files\Azure Data Studio\bin;C:\Users\a.dahy.ext\Downloads\cmake-3.25.2-windows-x86_64\bin;C:\cygnus\cygwin-b20\H-i586-cygwin32\bin;C:\Program Files\Git\cmd;C:\Program Files\Go\bin;C:\Program Files\Docker\Docker\resources\bin;C:\ProgramData\nvm;C:\Program Files\nodejs;C:\Program Files\Amazon\AWSCLIV2\;C:\protoc\bin\;C:\Program Files\MySQL\MySQL Shell 8.0\bin\;C:\Users\a.dahy.ext\AppData\Local\Programs\Python\Launcher\;C:\Users\a.dahy.ext\.cargo\bin;C:\Users\a.dahy.ext\AppData\Local\Microsoft\WindowsApps;C:\Program Files\JetBrains\IntelliJ IDEA Community Edition 2023.1.2\bin;C:\apache-maven-3.8.6\apache-maven-3.8.6\bin;C:\Users\a.dahy.ext\AppData\Local\Programs\msvscode\bin;C:\Users\a.dahy.ext\go\bin;C:\Users\a.dahy.ext\AppData\Local\Yarn\bin;C:\Program Files\Azure Data Studio\bin;C:\mongosh-1.10.1-win32-x64\bin;C:\mysql-8.1.0-winx64\bin;C:\ProgramData\nvm;C:\Program Files\nodejs;C:\Users\a.dahy.ext\AppData\Local\Coursier\data\bin;C:\protoc\bin\;C:\Program Files\JetBrains\WebStorm 2024.1.5\bin;;C:\Program Files\Java\jdk-22\bin;
USERNAME=a.dahy.ext
OS=Windows_NT
PROCESSOR_IDENTIFIER=Intel64 Family 6 Model 158 Stepping 13, GenuineIntel
TMP=C:\Users\ADAHY~1.EXT\AppData\Local\Temp
TEMP=C:\Users\ADAHY~1.EXT\AppData\Local\Temp



---------------  S Y S T E M  ---------------

OS:
 Windows 10 , 64 bit Build 19041 (10.0.19041.4717)
OS uptime: 6 days 0:21 hours
Hyper-V role detected

CPU: total 12 (initial active 12) (6 cores per cpu, 2 threads per core) family 6 model 158 stepping 13 microcode 0xf0, cx8, cmov, fxsr, ht, mmx, 3dnowpref, sse, sse2, sse3, ssse3, sse4.1, sse4.2, popcnt, lzcnt, tsc, tscinvbit, avx, avx2, aes, erms, clmul, bmi1, bmi2, adx, fma, vzeroupper, clflush, clflushopt, hv

Memory: 4k page, system-wide physical 16295M (385M free)
TotalPageFile size 65257M (AvailPageFile size 1181M)
current process WorkingSet (physical memory assigned to process): 675M, peak: 822M
current process commit charge ("private bytes"): 705M, peak: 879M

vm_info: OpenJDK 64-Bit Server VM (17.0.6+10) for windows-amd64 JRE (17.0.6+10), built on Jan 18 2023 10:08:59 by "temurin" with MS VC++ 16.7 (VS2019)

END.
