#
# There is insufficient memory for the Java Runtime Environment to continue.
# Native memory allocation (malloc) failed to allocate 250640 bytes. Error detail: Chunk::new
# Possible reasons:
#   The system is out of physical RAM or swap space
#   This process is running with CompressedOops enabled, and the Java Heap may be blocking the growth of the native heap
# Possible solutions:
#   Reduce memory load on the system
#   Increase physical memory or swap space
#   Check if swap backing store is full
#   Decrease Java heap size (-Xmx/-Xms)
#   Decrease number of Java threads
#   Decrease Java thread stack sizes (-Xss)
#   Set larger code cache with -XX:ReservedCodeCacheSize=
#   JVM is running with Zero Based Compressed Oops mode in which the Java heap is
#     placed in the first 32GB address space. The Java Heap base address is the
#     maximum limit for the native heap growth. Please use -XX:HeapBaseMinAddress
#     to set the Java Heap base and to place the Java Heap above 32GB virtual address.
# This output file may be truncated or incomplete.
#
#  Out of Memory Error (arena.cpp:150), pid=47396, tid=48552
#
# JRE version: Java(TM) SE Runtime Environment (22.0.2+9) (build 22.0.2+9-70)
# Java VM: Java HotSpot(TM) 64-Bit Server VM (22.0.2+9-70, mixed mode, sharing, tiered, compressed oops, compressed class ptrs, g1 gc, windows-amd64)
# No core dump will be written. Minidumps are not enabled by default on client versions of Windows
#

---------------  S U M M A R Y ------------

Command Line: -Dclassworlds.conf=C:\Users\a.dahy.ext\.m2\wrapper\dists\apache-maven-3.9.7\744dcc12d591e1ad9413e3296c618fd8\bin\m2.conf -Dmaven.home=C:\Users\a.dahy.ext\.m2\wrapper\dists\apache-maven-3.9.7\744dcc12d591e1ad9413e3296c618fd8 -Dlibrary.jansi.path=C:\Users\a.dahy.ext\.m2\wrapper\dists\apache-maven-3.9.7\744dcc12d591e1ad9413e3296c618fd8\lib\jansi-native -Dmaven.multiModuleProjectDirectory=C:\Users\a.dahy.ext\Downloads\demo org.codehaus.plexus.classworlds.launcher.Launcher install -f c:\Users\a.dahy.ext\Downloads\demo\pom.xml

Host: Intel(R) Core(TM) i7-9750HF CPU @ 2.60GHz, 12 cores, 15G,  Windows 10 , 64 bit Build 19041 (10.0.19041.4717)
Time: Wed Aug 21 22:14:00 2024 Egypt Daylight Time elapsed time: 3.530131 seconds (0d 0h 0m 3s)

---------------  T H R E A D  ---------------

Current thread (0x000001184651c480):  JavaThread "C2 CompilerThread1" daemon [_thread_in_native, id=48552, stack(0x0000001843700000,0x0000001843800000) (1024K)]


Current CompileTask:
C2:3530 3296   !   4       java.util.concurrent.ConcurrentHashMap::transfer (849 bytes)

Stack: [0x0000001843700000,0x0000001843800000]
Native frames: (J=compiled Java code, j=interpreted, Vv=VM code, C=native code)
V  [jvm.dll+0x6e26e9]  (no source info available)
V  [jvm.dll+0x875753]  (no source info available)
V  [jvm.dll+0x877b7e]  (no source info available)
V  [jvm.dll+0x878253]  (no source info available)
V  [jvm.dll+0x27fc86]  (no source info available)
V  [jvm.dll+0xc3d0f]  (no source info available)
V  [jvm.dll+0xc3f6b]  (no source info available)
V  [jvm.dll+0x3bb47c]  (no source info available)
V  [jvm.dll+0x1df4ac]  (no source info available)
V  [jvm.dll+0x24793c]  (no source info available)
V  [jvm.dll+0x246e9f]  (no source info available)
V  [jvm.dll+0x1c4e80]  (no source info available)
V  [jvm.dll+0x2568f3]  (no source info available)
V  [jvm.dll+0x254baa]  (no source info available)
V  [jvm.dll+0x3f57a6]  (no source info available)
V  [jvm.dll+0x81dc0b]  (no source info available)
V  [jvm.dll+0x6e0d85]  (no source info available)
C  [ucrtbase.dll+0x21bb2]  (no source info available)
C  [KERNEL32.DLL+0x17374]  (no source info available)
C  [ntdll.dll+0x4cc91]  (no source info available)


---------------  P R O C E S S  ---------------

Threads class SMR info:
_java_thread_list=0x00000118463180f0, length=13, elements={
0x0000011853c73220, 0x00000118750cab30, 0x00000118750cbc00, 0x00000118750d3820,
0x00000118750d45e0, 0x00000118750d53a0, 0x00000118750d65a0, 0x00000118750d9c90,
0x00000118451309e0, 0x0000011845250dd0, 0x0000011845258f20, 0x00000118461664a0,
0x000001184651c480
}

Java Threads: ( => current thread )
  0x0000011853c73220 JavaThread "main"                              [_thread_in_native, id=15940, stack(0x0000001841b00000,0x0000001841c00000) (1024K)]
  0x00000118750cab30 JavaThread "Reference Handler"          daemon [_thread_blocked, id=13332, stack(0x0000001842300000,0x0000001842400000) (1024K)]
  0x00000118750cbc00 JavaThread "Finalizer"                  daemon [_thread_blocked, id=49356, stack(0x0000001842400000,0x0000001842500000) (1024K)]
  0x00000118750d3820 JavaThread "Signal Dispatcher"          daemon [_thread_blocked, id=2696, stack(0x0000001842500000,0x0000001842600000) (1024K)]
  0x00000118750d45e0 JavaThread "Attach Listener"            daemon [_thread_blocked, id=80728, stack(0x0000001842600000,0x0000001842700000) (1024K)]
  0x00000118750d53a0 JavaThread "Service Thread"             daemon [_thread_blocked, id=46604, stack(0x0000001842700000,0x0000001842800000) (1024K)]
  0x00000118750d65a0 JavaThread "Monitor Deflation Thread"   daemon [_thread_blocked, id=39116, stack(0x0000001842800000,0x0000001842900000) (1024K)]
  0x00000118750d9c90 JavaThread "C2 CompilerThread0"         daemon [_thread_blocked, id=46708, stack(0x0000001842900000,0x0000001842a00000) (1024K)]
  0x00000118451309e0 JavaThread "C1 CompilerThread0"         daemon [_thread_blocked, id=47256, stack(0x0000001842a00000,0x0000001842b00000) (1024K)]
  0x0000011845250dd0 JavaThread "Notification Thread"        daemon [_thread_blocked, id=68660, stack(0x0000001842b00000,0x0000001842c00000) (1024K)]
  0x0000011845258f20 JavaThread "Common-Cleaner"             daemon [_thread_blocked, id=60796, stack(0x0000001842c00000,0x0000001842d00000) (1024K)]
  0x00000118461664a0 JavaThread "Thread-1"                   daemon [_thread_blocked, id=51720, stack(0x0000001843600000,0x0000001843700000) (1024K)]
=>0x000001184651c480 JavaThread "C2 CompilerThread1"         daemon [_thread_in_native, id=48552, stack(0x0000001843700000,0x0000001843800000) (1024K)]
Total: 13

Other Threads:
  0x00000118750ad7c0 VMThread "VM Thread"                           [id=30456, stack(0x0000001842200000,0x0000001842300000) (1024K)]
  0x0000011875094ae0 WatcherThread "VM Periodic Task Thread"        [id=73804, stack(0x0000001842100000,0x0000001842200000) (1024K)]
  0x0000011853cdbc80 WorkerThread "GC Thread#0"                     [id=15636, stack(0x0000001841c00000,0x0000001841d00000) (1024K)]
  0x0000011845d375d0 WorkerThread "GC Thread#1"                     [id=58644, stack(0x0000001842e00000,0x0000001842f00000) (1024K)]
  0x0000011845ccba00 WorkerThread "GC Thread#2"                     [id=82028, stack(0x0000001842f00000,0x0000001843000000) (1024K)]
  0x0000011845e2c5d0 WorkerThread "GC Thread#3"                     [id=17288, stack(0x0000001843000000,0x0000001843100000) (1024K)]
  0x0000011845c69a00 WorkerThread "GC Thread#4"                     [id=73656, stack(0x0000001843100000,0x0000001843200000) (1024K)]
  0x0000011845f506d0 WorkerThread "GC Thread#5"                     [id=83672, stack(0x0000001843200000,0x0000001843300000) (1024K)]
  0x0000011845c6b3e0 WorkerThread "GC Thread#6"                     [id=82192, stack(0x0000001843300000,0x0000001843400000) (1024K)]
  0x0000011845e4c630 WorkerThread "GC Thread#7"                     [id=66588, stack(0x0000001843400000,0x0000001843500000) (1024K)]
  0x000001184603e1c0 WorkerThread "GC Thread#8"                     [id=75996, stack(0x0000001843500000,0x0000001843600000) (1024K)]
  0x000001184626d4a0 WorkerThread "GC Thread#9"                     [id=83380, stack(0x0000001842d00000,0x0000001842e00000) (1024K)]
  0x0000011853cedb10 ConcurrentGCThread "G1 Main Marker"            [id=46676, stack(0x0000001841d00000,0x0000001841e00000) (1024K)]
  0x0000011853cee620 WorkerThread "G1 Conc#0"                       [id=80276, stack(0x0000001841e00000,0x0000001841f00000) (1024K)]
  0x0000011853d3eb60 ConcurrentGCThread "G1 Refine#0"               [id=7860, stack(0x0000001841f00000,0x0000001842000000) (1024K)]
  0x0000011874f58d00 ConcurrentGCThread "G1 Service"                [id=83860, stack(0x0000001842000000,0x0000001842100000) (1024K)]
Total: 16

Threads with active compile tasks:
C2 CompilerThread1  3793 3296   !   4       java.util.concurrent.ConcurrentHashMap::transfer (849 bytes)
Total: 1

VM state: not at safepoint (normal execution)

VM Mutex/Monitor currently owned by a thread: None

Heap address: 0x0000000701600000, size: 4074 MB, Compressed Oops mode: Zero based, Oop shift amount: 3

CDS archive(s) mapped at: [0x0000011800000000-0x0000011800c60000-0x0000011800c60000), size 12976128, SharedBaseAddress: 0x0000011800000000, ArchiveRelocationMode: 1.
Compressed class space mapped at: 0x0000011801000000-0x0000011841000000, reserved size: 1073741824
Narrow klass base: 0x0000011800000000, Narrow klass shift: 0, Narrow klass range: 0x41000000

GC Precious Log:
 CardTable entry size: 512
 Card Set container configuration: InlinePtr #cards 4 size 8 Array Of Cards #cards 16 size 48 Howl #buckets 8 coarsen threshold 3686 Howl Bitmap #cards 512 size 80 coarsen threshold 460 Card regions per heap region 1 cards per card region 4096
 CPUs: 12 total, 12 available
 Memory: 16295M
 Large Page Support: Disabled
 NUMA Support: Disabled
 Compressed Oops: Enabled (Zero based)
 Heap Region Size: 2M
 Heap Min Capacity: 8M
 Heap Initial Capacity: 256M
 Heap Max Capacity: 4074M
 Pre-touch: Disabled
 Parallel Workers: 10
 Concurrent Workers: 3
 Concurrent Refinement Workers: 10
 Periodic GC: Disabled

Heap:
 garbage-first heap   total reserved 4171776K, committed 262144K, used 43146K [0x0000000701600000, 0x0000000800000000)
  region size 2048K, 21 young (43008K), 2 survivors (4096K)
 Metaspace       used 15317K, committed 15552K, reserved 1114112K
  class space    used 1831K, committed 1920K, reserved 1048576K

Heap Regions: E=young(eden), S=young(survivor), O=old, HS=humongous(starts), HC=humongous(continues), CS=collection set, F=free, TAMS=top-at-mark-start, PB=parsable bottom
|   0|0x0000000701600000, 0x0000000701800000, 0x0000000701800000|100%| O|  |TAMS 0x0000000701600000| PB 0x0000000701600000| Untracked |  0
|   1|0x0000000701800000, 0x00000007019b6228, 0x0000000701a00000| 85%| O|  |TAMS 0x0000000701800000| PB 0x0000000701800000| Untracked |  0
|   2|0x0000000701a00000, 0x0000000701a00000, 0x0000000701c00000|  0%| F|  |TAMS 0x0000000701a00000| PB 0x0000000701a00000| Untracked |  0
|   3|0x0000000701c00000, 0x0000000701c00000, 0x0000000701e00000|  0%| F|  |TAMS 0x0000000701c00000| PB 0x0000000701c00000| Untracked |  0
|   4|0x0000000701e00000, 0x0000000701e00000, 0x0000000702000000|  0%| F|  |TAMS 0x0000000701e00000| PB 0x0000000701e00000| Untracked |  0
|   5|0x0000000702000000, 0x0000000702000000, 0x0000000702200000|  0%| F|  |TAMS 0x0000000702000000| PB 0x0000000702000000| Untracked |  0
|   6|0x0000000702200000, 0x0000000702200000, 0x0000000702400000|  0%| F|  |TAMS 0x0000000702200000| PB 0x0000000702200000| Untracked |  0
|   7|0x0000000702400000, 0x0000000702400000, 0x0000000702600000|  0%| F|  |TAMS 0x0000000702400000| PB 0x0000000702400000| Untracked |  0
|   8|0x0000000702600000, 0x0000000702600000, 0x0000000702800000|  0%| F|  |TAMS 0x0000000702600000| PB 0x0000000702600000| Untracked |  0
|   9|0x0000000702800000, 0x0000000702800000, 0x0000000702a00000|  0%| F|  |TAMS 0x0000000702800000| PB 0x0000000702800000| Untracked |  0
|  10|0x0000000702a00000, 0x0000000702a00000, 0x0000000702c00000|  0%| F|  |TAMS 0x0000000702a00000| PB 0x0000000702a00000| Untracked |  0
|  11|0x0000000702c00000, 0x0000000702c00000, 0x0000000702e00000|  0%| F|  |TAMS 0x0000000702c00000| PB 0x0000000702c00000| Untracked |  0
|  12|0x0000000702e00000, 0x0000000702e00000, 0x0000000703000000|  0%| F|  |TAMS 0x0000000702e00000| PB 0x0000000702e00000| Untracked |  0
|  13|0x0000000703000000, 0x0000000703000000, 0x0000000703200000|  0%| F|  |TAMS 0x0000000703000000| PB 0x0000000703000000| Untracked |  0
|  14|0x0000000703200000, 0x0000000703200000, 0x0000000703400000|  0%| F|  |TAMS 0x0000000703200000| PB 0x0000000703200000| Untracked |  0
|  15|0x0000000703400000, 0x0000000703400000, 0x0000000703600000|  0%| F|  |TAMS 0x0000000703400000| PB 0x0000000703400000| Untracked |  0
|  16|0x0000000703600000, 0x0000000703600000, 0x0000000703800000|  0%| F|  |TAMS 0x0000000703600000| PB 0x0000000703600000| Untracked |  0
|  17|0x0000000703800000, 0x0000000703800000, 0x0000000703a00000|  0%| F|  |TAMS 0x0000000703800000| PB 0x0000000703800000| Untracked |  0
|  18|0x0000000703a00000, 0x0000000703a00000, 0x0000000703c00000|  0%| F|  |TAMS 0x0000000703a00000| PB 0x0000000703a00000| Untracked |  0
|  19|0x0000000703c00000, 0x0000000703c00000, 0x0000000703e00000|  0%| F|  |TAMS 0x0000000703c00000| PB 0x0000000703c00000| Untracked |  0
|  20|0x0000000703e00000, 0x0000000703e00000, 0x0000000704000000|  0%| F|  |TAMS 0x0000000703e00000| PB 0x0000000703e00000| Untracked |  0
|  21|0x0000000704000000, 0x0000000704000000, 0x0000000704200000|  0%| F|  |TAMS 0x0000000704000000| PB 0x0000000704000000| Untracked |  0
|  22|0x0000000704200000, 0x0000000704200000, 0x0000000704400000|  0%| F|  |TAMS 0x0000000704200000| PB 0x0000000704200000| Untracked |  0
|  23|0x0000000704400000, 0x0000000704400000, 0x0000000704600000|  0%| F|  |TAMS 0x0000000704400000| PB 0x0000000704400000| Untracked |  0
|  24|0x0000000704600000, 0x0000000704600000, 0x0000000704800000|  0%| F|  |TAMS 0x0000000704600000| PB 0x0000000704600000| Untracked |  0
|  25|0x0000000704800000, 0x0000000704800000, 0x0000000704a00000|  0%| F|  |TAMS 0x0000000704800000| PB 0x0000000704800000| Untracked |  0
|  26|0x0000000704a00000, 0x0000000704a00000, 0x0000000704c00000|  0%| F|  |TAMS 0x0000000704a00000| PB 0x0000000704a00000| Untracked |  0
|  27|0x0000000704c00000, 0x0000000704c00000, 0x0000000704e00000|  0%| F|  |TAMS 0x0000000704c00000| PB 0x0000000704c00000| Untracked |  0
|  28|0x0000000704e00000, 0x0000000704e00000, 0x0000000705000000|  0%| F|  |TAMS 0x0000000704e00000| PB 0x0000000704e00000| Untracked |  0
|  29|0x0000000705000000, 0x0000000705000000, 0x0000000705200000|  0%| F|  |TAMS 0x0000000705000000| PB 0x0000000705000000| Untracked |  0
|  30|0x0000000705200000, 0x0000000705200000, 0x0000000705400000|  0%| F|  |TAMS 0x0000000705200000| PB 0x0000000705200000| Untracked |  0
|  31|0x0000000705400000, 0x0000000705400000, 0x0000000705600000|  0%| F|  |TAMS 0x0000000705400000| PB 0x0000000705400000| Untracked |  0
|  32|0x0000000705600000, 0x0000000705600000, 0x0000000705800000|  0%| F|  |TAMS 0x0000000705600000| PB 0x0000000705600000| Untracked |  0
|  33|0x0000000705800000, 0x0000000705800000, 0x0000000705a00000|  0%| F|  |TAMS 0x0000000705800000| PB 0x0000000705800000| Untracked |  0
|  34|0x0000000705a00000, 0x0000000705a00000, 0x0000000705c00000|  0%| F|  |TAMS 0x0000000705a00000| PB 0x0000000705a00000| Untracked |  0
|  35|0x0000000705c00000, 0x0000000705c00000, 0x0000000705e00000|  0%| F|  |TAMS 0x0000000705c00000| PB 0x0000000705c00000| Untracked |  0
|  36|0x0000000705e00000, 0x0000000705e00000, 0x0000000706000000|  0%| F|  |TAMS 0x0000000705e00000| PB 0x0000000705e00000| Untracked |  0
|  37|0x0000000706000000, 0x0000000706000000, 0x0000000706200000|  0%| F|  |TAMS 0x0000000706000000| PB 0x0000000706000000| Untracked |  0
|  38|0x0000000706200000, 0x0000000706200000, 0x0000000706400000|  0%| F|  |TAMS 0x0000000706200000| PB 0x0000000706200000| Untracked |  0
|  39|0x0000000706400000, 0x0000000706400000, 0x0000000706600000|  0%| F|  |TAMS 0x0000000706400000| PB 0x0000000706400000| Untracked |  0
|  40|0x0000000706600000, 0x0000000706600000, 0x0000000706800000|  0%| F|  |TAMS 0x0000000706600000| PB 0x0000000706600000| Untracked |  0
|  41|0x0000000706800000, 0x0000000706800000, 0x0000000706a00000|  0%| F|  |TAMS 0x0000000706800000| PB 0x0000000706800000| Untracked |  0
|  42|0x0000000706a00000, 0x0000000706a00000, 0x0000000706c00000|  0%| F|  |TAMS 0x0000000706a00000| PB 0x0000000706a00000| Untracked |  0
|  43|0x0000000706c00000, 0x0000000706c00000, 0x0000000706e00000|  0%| F|  |TAMS 0x0000000706c00000| PB 0x0000000706c00000| Untracked |  0
|  44|0x0000000706e00000, 0x0000000706e00000, 0x0000000707000000|  0%| F|  |TAMS 0x0000000706e00000| PB 0x0000000706e00000| Untracked |  0
|  45|0x0000000707000000, 0x0000000707000000, 0x0000000707200000|  0%| F|  |TAMS 0x0000000707000000| PB 0x0000000707000000| Untracked |  0
|  46|0x0000000707200000, 0x0000000707200000, 0x0000000707400000|  0%| F|  |TAMS 0x0000000707200000| PB 0x0000000707200000| Untracked |  0
|  47|0x0000000707400000, 0x0000000707400000, 0x0000000707600000|  0%| F|  |TAMS 0x0000000707400000| PB 0x0000000707400000| Untracked |  0
|  48|0x0000000707600000, 0x0000000707600000, 0x0000000707800000|  0%| F|  |TAMS 0x0000000707600000| PB 0x0000000707600000| Untracked |  0
|  49|0x0000000707800000, 0x0000000707800000, 0x0000000707a00000|  0%| F|  |TAMS 0x0000000707800000| PB 0x0000000707800000| Untracked |  0
|  50|0x0000000707a00000, 0x0000000707a00000, 0x0000000707c00000|  0%| F|  |TAMS 0x0000000707a00000| PB 0x0000000707a00000| Untracked |  0
|  51|0x0000000707c00000, 0x0000000707c00000, 0x0000000707e00000|  0%| F|  |TAMS 0x0000000707c00000| PB 0x0000000707c00000| Untracked |  0
|  52|0x0000000707e00000, 0x0000000707e00000, 0x0000000708000000|  0%| F|  |TAMS 0x0000000707e00000| PB 0x0000000707e00000| Untracked |  0
|  53|0x0000000708000000, 0x0000000708000000, 0x0000000708200000|  0%| F|  |TAMS 0x0000000708000000| PB 0x0000000708000000| Untracked |  0
|  54|0x0000000708200000, 0x0000000708200000, 0x0000000708400000|  0%| F|  |TAMS 0x0000000708200000| PB 0x0000000708200000| Untracked |  0
|  55|0x0000000708400000, 0x0000000708400000, 0x0000000708600000|  0%| F|  |TAMS 0x0000000708400000| PB 0x0000000708400000| Untracked |  0
|  56|0x0000000708600000, 0x0000000708600000, 0x0000000708800000|  0%| F|  |TAMS 0x0000000708600000| PB 0x0000000708600000| Untracked |  0
|  57|0x0000000708800000, 0x0000000708800000, 0x0000000708a00000|  0%| F|  |TAMS 0x0000000708800000| PB 0x0000000708800000| Untracked |  0
|  58|0x0000000708a00000, 0x0000000708a00000, 0x0000000708c00000|  0%| F|  |TAMS 0x0000000708a00000| PB 0x0000000708a00000| Untracked |  0
|  59|0x0000000708c00000, 0x0000000708c00000, 0x0000000708e00000|  0%| F|  |TAMS 0x0000000708c00000| PB 0x0000000708c00000| Untracked |  0
|  60|0x0000000708e00000, 0x0000000708e00000, 0x0000000709000000|  0%| F|  |TAMS 0x0000000708e00000| PB 0x0000000708e00000| Untracked |  0
|  61|0x0000000709000000, 0x0000000709000000, 0x0000000709200000|  0%| F|  |TAMS 0x0000000709000000| PB 0x0000000709000000| Untracked |  0
|  62|0x0000000709200000, 0x0000000709200000, 0x0000000709400000|  0%| F|  |TAMS 0x0000000709200000| PB 0x0000000709200000| Untracked |  0
|  63|0x0000000709400000, 0x0000000709400000, 0x0000000709600000|  0%| F|  |TAMS 0x0000000709400000| PB 0x0000000709400000| Untracked |  0
|  64|0x0000000709600000, 0x0000000709600000, 0x0000000709800000|  0%| F|  |TAMS 0x0000000709600000| PB 0x0000000709600000| Untracked |  0
|  65|0x0000000709800000, 0x0000000709800000, 0x0000000709a00000|  0%| F|  |TAMS 0x0000000709800000| PB 0x0000000709800000| Untracked |  0
|  66|0x0000000709a00000, 0x0000000709a00000, 0x0000000709c00000|  0%| F|  |TAMS 0x0000000709a00000| PB 0x0000000709a00000| Untracked |  0
|  67|0x0000000709c00000, 0x0000000709c00000, 0x0000000709e00000|  0%| F|  |TAMS 0x0000000709c00000| PB 0x0000000709c00000| Untracked |  0
|  68|0x0000000709e00000, 0x0000000709e00000, 0x000000070a000000|  0%| F|  |TAMS 0x0000000709e00000| PB 0x0000000709e00000| Untracked |  0
|  69|0x000000070a000000, 0x000000070a000000, 0x000000070a200000|  0%| F|  |TAMS 0x000000070a000000| PB 0x000000070a000000| Untracked |  0
|  70|0x000000070a200000, 0x000000070a200000, 0x000000070a400000|  0%| F|  |TAMS 0x000000070a200000| PB 0x000000070a200000| Untracked |  0
|  71|0x000000070a400000, 0x000000070a400000, 0x000000070a600000|  0%| F|  |TAMS 0x000000070a400000| PB 0x000000070a400000| Untracked |  0
|  72|0x000000070a600000, 0x000000070a600000, 0x000000070a800000|  0%| F|  |TAMS 0x000000070a600000| PB 0x000000070a600000| Untracked |  0
|  73|0x000000070a800000, 0x000000070a800000, 0x000000070aa00000|  0%| F|  |TAMS 0x000000070a800000| PB 0x000000070a800000| Untracked |  0
|  74|0x000000070aa00000, 0x000000070aa00000, 0x000000070ac00000|  0%| F|  |TAMS 0x000000070aa00000| PB 0x000000070aa00000| Untracked |  0
|  75|0x000000070ac00000, 0x000000070ac00000, 0x000000070ae00000|  0%| F|  |TAMS 0x000000070ac00000| PB 0x000000070ac00000| Untracked |  0
|  76|0x000000070ae00000, 0x000000070ae00000, 0x000000070b000000|  0%| F|  |TAMS 0x000000070ae00000| PB 0x000000070ae00000| Untracked |  0
|  77|0x000000070b000000, 0x000000070b000000, 0x000000070b200000|  0%| F|  |TAMS 0x000000070b000000| PB 0x000000070b000000| Untracked |  0
|  78|0x000000070b200000, 0x000000070b200000, 0x000000070b400000|  0%| F|  |TAMS 0x000000070b200000| PB 0x000000070b200000| Untracked |  0
|  79|0x000000070b400000, 0x000000070b400000, 0x000000070b600000|  0%| F|  |TAMS 0x000000070b400000| PB 0x000000070b400000| Untracked |  0
|  80|0x000000070b600000, 0x000000070b600000, 0x000000070b800000|  0%| F|  |TAMS 0x000000070b600000| PB 0x000000070b600000| Untracked |  0
|  81|0x000000070b800000, 0x000000070b800000, 0x000000070ba00000|  0%| F|  |TAMS 0x000000070b800000| PB 0x000000070b800000| Untracked |  0
|  82|0x000000070ba00000, 0x000000070ba00000, 0x000000070bc00000|  0%| F|  |TAMS 0x000000070ba00000| PB 0x000000070ba00000| Untracked |  0
|  83|0x000000070bc00000, 0x000000070bc00000, 0x000000070be00000|  0%| F|  |TAMS 0x000000070bc00000| PB 0x000000070bc00000| Untracked |  0
|  84|0x000000070be00000, 0x000000070be00000, 0x000000070c000000|  0%| F|  |TAMS 0x000000070be00000| PB 0x000000070be00000| Untracked |  0
|  85|0x000000070c000000, 0x000000070c000000, 0x000000070c200000|  0%| F|  |TAMS 0x000000070c000000| PB 0x000000070c000000| Untracked |  0
|  86|0x000000070c200000, 0x000000070c200000, 0x000000070c400000|  0%| F|  |TAMS 0x000000070c200000| PB 0x000000070c200000| Untracked |  0
|  87|0x000000070c400000, 0x000000070c400000, 0x000000070c600000|  0%| F|  |TAMS 0x000000070c400000| PB 0x000000070c400000| Untracked |  0
|  88|0x000000070c600000, 0x000000070c600000, 0x000000070c800000|  0%| F|  |TAMS 0x000000070c600000| PB 0x000000070c600000| Untracked |  0
|  89|0x000000070c800000, 0x000000070c800000, 0x000000070ca00000|  0%| F|  |TAMS 0x000000070c800000| PB 0x000000070c800000| Untracked |  0
|  90|0x000000070ca00000, 0x000000070ca00000, 0x000000070cc00000|  0%| F|  |TAMS 0x000000070ca00000| PB 0x000000070ca00000| Untracked |  0
|  91|0x000000070cc00000, 0x000000070cc00000, 0x000000070ce00000|  0%| F|  |TAMS 0x000000070cc00000| PB 0x000000070cc00000| Untracked |  0
|  92|0x000000070ce00000, 0x000000070ce00000, 0x000000070d000000|  0%| F|  |TAMS 0x000000070ce00000| PB 0x000000070ce00000| Untracked |  0
|  93|0x000000070d000000, 0x000000070d000000, 0x000000070d200000|  0%| F|  |TAMS 0x000000070d000000| PB 0x000000070d000000| Untracked |  0
|  94|0x000000070d200000, 0x000000070d200000, 0x000000070d400000|  0%| F|  |TAMS 0x000000070d200000| PB 0x000000070d200000| Untracked |  0
|  95|0x000000070d400000, 0x000000070d400000, 0x000000070d600000|  0%| F|  |TAMS 0x000000070d400000| PB 0x000000070d400000| Untracked |  0
|  96|0x000000070d600000, 0x000000070d600000, 0x000000070d800000|  0%| F|  |TAMS 0x000000070d600000| PB 0x000000070d600000| Untracked |  0
|  97|0x000000070d800000, 0x000000070d800000, 0x000000070da00000|  0%| F|  |TAMS 0x000000070d800000| PB 0x000000070d800000| Untracked |  0
|  98|0x000000070da00000, 0x000000070da00000, 0x000000070dc00000|  0%| F|  |TAMS 0x000000070da00000| PB 0x000000070da00000| Untracked |  0
|  99|0x000000070dc00000, 0x000000070dc00000, 0x000000070de00000|  0%| F|  |TAMS 0x000000070dc00000| PB 0x000000070dc00000| Untracked |  0
| 100|0x000000070de00000, 0x000000070de00000, 0x000000070e000000|  0%| F|  |TAMS 0x000000070de00000| PB 0x000000070de00000| Untracked |  0
| 101|0x000000070e000000, 0x000000070e000000, 0x000000070e200000|  0%| F|  |TAMS 0x000000070e000000| PB 0x000000070e000000| Untracked |  0
| 102|0x000000070e200000, 0x000000070e200000, 0x000000070e400000|  0%| F|  |TAMS 0x000000070e200000| PB 0x000000070e200000| Untracked |  0
| 103|0x000000070e400000, 0x000000070e400000, 0x000000070e600000|  0%| F|  |TAMS 0x000000070e400000| PB 0x000000070e400000| Untracked |  0
| 104|0x000000070e600000, 0x000000070e600000, 0x000000070e800000|  0%| F|  |TAMS 0x000000070e600000| PB 0x000000070e600000| Untracked |  0
| 105|0x000000070e800000, 0x000000070e800000, 0x000000070ea00000|  0%| F|  |TAMS 0x000000070e800000| PB 0x000000070e800000| Untracked |  0
| 106|0x000000070ea00000, 0x000000070ea6c8e0, 0x000000070ec00000| 21%| S|CS|TAMS 0x000000070ea00000| PB 0x000000070ea00000| Complete |  0
| 107|0x000000070ec00000, 0x000000070ee00000, 0x000000070ee00000|100%| S|CS|TAMS 0x000000070ec00000| PB 0x000000070ec00000| Complete |  0
| 108|0x000000070ee00000, 0x000000070ee00000, 0x000000070f000000|  0%| F|  |TAMS 0x000000070ee00000| PB 0x000000070ee00000| Untracked |  0
| 109|0x000000070f000000, 0x000000070f200000, 0x000000070f200000|100%| E|  |TAMS 0x000000070f000000| PB 0x000000070f000000| Complete |  0
| 110|0x000000070f200000, 0x000000070f400000, 0x000000070f400000|100%| E|CS|TAMS 0x000000070f200000| PB 0x000000070f200000| Complete |  0
| 111|0x000000070f400000, 0x000000070f600000, 0x000000070f600000|100%| E|CS|TAMS 0x000000070f400000| PB 0x000000070f400000| Complete |  0
| 112|0x000000070f600000, 0x000000070f800000, 0x000000070f800000|100%| E|CS|TAMS 0x000000070f600000| PB 0x000000070f600000| Complete |  0
| 113|0x000000070f800000, 0x000000070fa00000, 0x000000070fa00000|100%| E|CS|TAMS 0x000000070f800000| PB 0x000000070f800000| Complete |  0
| 114|0x000000070fa00000, 0x000000070fc00000, 0x000000070fc00000|100%| E|CS|TAMS 0x000000070fa00000| PB 0x000000070fa00000| Complete |  0
| 115|0x000000070fc00000, 0x000000070fe00000, 0x000000070fe00000|100%| E|CS|TAMS 0x000000070fc00000| PB 0x000000070fc00000| Complete |  0
| 116|0x000000070fe00000, 0x0000000710000000, 0x0000000710000000|100%| E|CS|TAMS 0x000000070fe00000| PB 0x000000070fe00000| Complete |  0
| 117|0x0000000710000000, 0x0000000710200000, 0x0000000710200000|100%| E|CS|TAMS 0x0000000710000000| PB 0x0000000710000000| Complete |  0
| 118|0x0000000710200000, 0x0000000710400000, 0x0000000710400000|100%| E|CS|TAMS 0x0000000710200000| PB 0x0000000710200000| Complete |  0
| 119|0x0000000710400000, 0x0000000710600000, 0x0000000710600000|100%| E|CS|TAMS 0x0000000710400000| PB 0x0000000710400000| Complete |  0
| 120|0x0000000710600000, 0x0000000710800000, 0x0000000710800000|100%| E|CS|TAMS 0x0000000710600000| PB 0x0000000710600000| Complete |  0
| 121|0x0000000710800000, 0x0000000710a00000, 0x0000000710a00000|100%| E|CS|TAMS 0x0000000710800000| PB 0x0000000710800000| Complete |  0
| 122|0x0000000710a00000, 0x0000000710c00000, 0x0000000710c00000|100%| E|CS|TAMS 0x0000000710a00000| PB 0x0000000710a00000| Complete |  0
| 123|0x0000000710c00000, 0x0000000710e00000, 0x0000000710e00000|100%| E|CS|TAMS 0x0000000710c00000| PB 0x0000000710c00000| Complete |  0
| 124|0x0000000710e00000, 0x0000000711000000, 0x0000000711000000|100%| E|CS|TAMS 0x0000000710e00000| PB 0x0000000710e00000| Complete |  0
| 125|0x0000000711000000, 0x0000000711200000, 0x0000000711200000|100%| E|CS|TAMS 0x0000000711000000| PB 0x0000000711000000| Complete |  0
| 126|0x0000000711200000, 0x0000000711400000, 0x0000000711400000|100%| E|CS|TAMS 0x0000000711200000| PB 0x0000000711200000| Complete |  0
| 127|0x0000000711400000, 0x0000000711600000, 0x0000000711600000|100%| E|CS|TAMS 0x0000000711400000| PB 0x0000000711400000| Complete |  0

Card table byte_map: [0x000001186dc20000,0x000001186e420000] _byte_map_base: 0x000001186a415000

Marking Bits: (CMBitMap*) 0x0000011853cdd3a0
 Bits: [0x000001186e420000, 0x00000118723c8000)

Polling page: 0x0000011853a40000

Metaspace:

Usage:
  Non-class:     13.17 MB used.
      Class:      1.79 MB used.
       Both:     14.96 MB used.

Virtual space:
  Non-class space:       64.00 MB reserved,      13.31 MB ( 21%) committed,  1 nodes.
      Class space:        1.00 GB reserved,       1.88 MB ( <1%) committed,  1 nodes.
             Both:        1.06 GB reserved,      15.19 MB (  1%) committed. 

Chunk freelists:
   Non-Class:  2.33 MB
       Class:  13.94 MB
        Both:  16.27 MB

MaxMetaspaceSize: unlimited
CompressedClassSpaceSize: 1.00 GB
Initial GC threshold: 21.00 MB
Current GC threshold: 21.00 MB
CDS: on
 - commit_granule_bytes: 65536.
 - commit_granule_words: 8192.
 - virtual_space_node_default_size: 8388608.
 - enlarge_chunks_in_place: 1.
 - use_allocation_guard: 0.


Internal statistics:

num_allocs_failed_limit: 0.
num_arena_births: 172.
num_arena_deaths: 0.
num_vsnodes_births: 2.
num_vsnodes_deaths: 0.
num_space_committed: 243.
num_space_uncommitted: 0.
num_chunks_returned_to_freelist: 0.
num_chunks_taken_from_freelist: 662.
num_chunk_merges: 0.
num_chunk_splits: 465.
num_chunks_enlarged: 389.
num_inconsistent_stats: 0.

CodeHeap 'non-profiled nmethods': size=120000Kb used=1401Kb max_used=1401Kb free=118598Kb
 bounds [0x0000011865260000, 0x00000118654d0000, 0x000001186c790000]
CodeHeap 'profiled nmethods': size=120000Kb used=6714Kb max_used=6714Kb free=113285Kb
 bounds [0x000001185d790000, 0x000001185de20000, 0x0000011864cc0000]
CodeHeap 'non-nmethods': size=5760Kb used=1409Kb max_used=1452Kb free=4350Kb
 bounds [0x0000011864cc0000, 0x0000011864f30000, 0x0000011865260000]
 total_blobs=3847 nmethods=3347 adapters=404
 compilation: enabled
              stopped_count=0, restarted_count=0
 full_count=0

Compilation events (20 events):
Event: 3.513 Thread 0x00000118451309e0 3311       3       java.util.concurrent.ConcurrentHashMap::size (31 bytes)
Event: 3.513 Thread 0x00000118451309e0 nmethod 3311 0x000001185de06210 code [0x000001185de063c0, 0x000001185de065e8]
Event: 3.515 Thread 0x00000118451309e0 3313       3       java.nio.HeapByteBuffer::compact (85 bytes)
Event: 3.516 Thread 0x00000118451309e0 nmethod 3313 0x000001185de06690 code [0x000001185de06880, 0x000001185de06ea0]
Event: 3.516 Thread 0x00000118451309e0 3314       3       java.nio.Buffer::discardMark (6 bytes)
Event: 3.516 Thread 0x00000118451309e0 nmethod 3314 0x000001185de07090 code [0x000001185de07220, 0x000001185de07330]
Event: 3.516 Thread 0x00000118451309e0 3316   !   3       org.apache.maven.model.DependencyManagement::clone (137 bytes)
Event: 3.517 Thread 0x00000118451309e0 nmethod 3316 0x000001185de07390 code [0x000001185de07700, 0x000001185de08c58]
Event: 3.517 Thread 0x00000118451309e0 3317       3       java.lang.invoke.Invokers$Holder::linkToTargetMethod (11 bytes)
Event: 3.518 Thread 0x00000118451309e0 nmethod 3317 0x000001185de09590 code [0x000001185de09740, 0x000001185de09b70]
Event: 3.518 Thread 0x00000118451309e0 3318       3       java.lang.invoke.DirectMethodHandle$Holder::newInvokeSpecial (28 bytes)
Event: 3.518 Thread 0x00000118451309e0 nmethod 3318 0x000001185de09c90 code [0x000001185de09e80, 0x000001185de0a5e8]
Event: 3.519 Thread 0x00000118451309e0 3319       1       org.apache.maven.model.building.ModelCacheTag$2::getName (3 bytes)
Event: 3.519 Thread 0x00000118451309e0 nmethod 3319 0x00000118653b9210 code [0x00000118653b93a0, 0x00000118653b9470]
Event: 3.523 Thread 0x00000118451309e0 3321       3       java.util.Collections$UnmodifiableRandomAccessList::<init> (6 bytes)
Event: 3.524 Thread 0x00000118451309e0 nmethod 3321 0x000001185de0a790 code [0x000001185de0a960, 0x000001185de0ad50]
Event: 3.524 Thread 0x00000118451309e0 3323       3       java.lang.Character::digit (6 bytes)
Event: 3.524 Thread 0x00000118451309e0 nmethod 3323 0x000001185de0ae90 code [0x000001185de0b040, 0x000001185de0b2a0]
Event: 3.524 Thread 0x00000118451309e0 3322       3       java.util.Collections$UnmodifiableList::<init> (11 bytes)
Event: 3.524 Thread 0x00000118451309e0 nmethod 3322 0x000001185de0b390 code [0x000001185de0b560, 0x000001185de0b8f0]

GC Heap History (4 events):
Event: 1.130 GC heap before
{Heap before GC invocations=0 (full 0):
 garbage-first heap   total reserved 4171776K, committed 262144K, used 24576K [0x0000000701600000, 0x0000000800000000)
  region size 2048K, 12 young (24576K), 0 survivors (0K)
 Metaspace       used 5681K, committed 5824K, reserved 1114112K
  class space    used 663K, committed 768K, reserved 1048576K
}
Event: 1.139 GC heap after
{Heap after GC invocations=1 (full 0):
 garbage-first heap   total reserved 4171776K, committed 262144K, used 4215K [0x0000000701600000, 0x0000000800000000)
  region size 2048K, 2 young (4096K), 2 survivors (4096K)
 Metaspace       used 5681K, committed 5824K, reserved 1114112K
  class space    used 663K, committed 768K, reserved 1048576K
}
Event: 2.112 GC heap before
{Heap before GC invocations=1 (full 0):
 garbage-first heap   total reserved 4171776K, committed 262144K, used 39031K [0x0000000701600000, 0x0000000800000000)
  region size 2048K, 20 young (40960K), 2 survivors (4096K)
 Metaspace       used 11050K, committed 11264K, reserved 1114112K
  class space    used 1330K, committed 1408K, reserved 1048576K
}
Event: 2.118 GC heap after
{Heap after GC invocations=2 (full 0):
 garbage-first heap   total reserved 4171776K, committed 262144K, used 6282K [0x0000000701600000, 0x0000000800000000)
  region size 2048K, 2 young (4096K), 2 survivors (4096K)
 Metaspace       used 11050K, committed 11264K, reserved 1114112K
  class space    used 1330K, committed 1408K, reserved 1048576K
}

Dll operation events (8 events):
Event: 0.023 Loaded shared library C:\Program Files\Java\jdk-22\bin\java.dll
Event: 0.073 Loaded shared library C:\Program Files\Java\jdk-22\bin\jsvml.dll
Event: 0.105 Loaded shared library C:\Program Files\Java\jdk-22\bin\net.dll
Event: 0.109 Loaded shared library C:\Program Files\Java\jdk-22\bin\nio.dll
Event: 0.115 Loaded shared library C:\Program Files\Java\jdk-22\bin\zip.dll
Event: 0.371 Loaded shared library C:\Program Files\Java\jdk-22\bin\jimage.dll
Event: 0.377 Loaded shared library C:\Users\a.dahy.ext\.m2\wrapper\dists\apache-maven-3.9.7\744dcc12d591e1ad9413e3296c618fd8\lib\jansi-native\Windows\x86_64\jansi.dll
Event: 0.398 Loaded shared library C:\Program Files\Java\jdk-22\bin\verify.dll

Deoptimization events (20 events):
Event: 3.135 Thread 0x0000011853c73220 DEOPT PACKING pc=0x000001186529ba1c sp=0x0000001841bfdf30
Event: 3.135 Thread 0x0000011853c73220 DEOPT UNPACKING pc=0x0000011864d146a2 sp=0x0000001841bfdf00 mode 2
Event: 3.136 Thread 0x0000011853c73220 Uncommon trap: trap_request=0xffffff45 fr.pc=0x000001186537e318 relative=0x0000000000001118
Event: 3.136 Thread 0x0000011853c73220 Uncommon trap: reason=unstable_if action=reinterpret pc=0x000001186537e318 method=org.codehaus.plexus.util.xml.pull.MXParser.nextImpl()I @ 552 c2
Event: 3.136 Thread 0x0000011853c73220 DEOPT PACKING pc=0x000001186537e318 sp=0x0000001841bfdf40
Event: 3.136 Thread 0x0000011853c73220 DEOPT UNPACKING pc=0x0000011864d146a2 sp=0x0000001841bfdee8 mode 2
Event: 3.137 Thread 0x0000011853c73220 DEOPT PACKING pc=0x000001185dcba086 sp=0x0000001841bfdd50
Event: 3.137 Thread 0x0000011853c73220 DEOPT UNPACKING pc=0x0000011864d14e42 sp=0x0000001841bfd260 mode 0
Event: 3.219 Thread 0x0000011853c73220 Uncommon trap: trap_request=0xffffff45 fr.pc=0x00000118652684a4 relative=0x0000000000000204
Event: 3.219 Thread 0x0000011853c73220 Uncommon trap: reason=unstable_if action=reinterpret pc=0x00000118652684a4 method=java.lang.String.indexOf(II)I @ 4 c2
Event: 3.219 Thread 0x0000011853c73220 DEOPT PACKING pc=0x00000118652684a4 sp=0x0000001841bfe090
Event: 3.219 Thread 0x0000011853c73220 DEOPT UNPACKING pc=0x0000011864d146a2 sp=0x0000001841bfe040 mode 2
Event: 3.486 Thread 0x0000011853c73220 Uncommon trap: trap_request=0xffffff45 fr.pc=0x00000118653932c0 relative=0x00000000000000a0
Event: 3.486 Thread 0x0000011853c73220 Uncommon trap: reason=unstable_if action=reinterpret pc=0x00000118653932c0 method=org.apache.maven.model.validation.DefaultModelValidator.isValidIdCharacter(C)Z @ 51 c2
Event: 3.486 Thread 0x0000011853c73220 DEOPT PACKING pc=0x00000118653932c0 sp=0x0000001841bfe270
Event: 3.486 Thread 0x0000011853c73220 DEOPT UNPACKING pc=0x0000011864d146a2 sp=0x0000001841bfe208 mode 2
Event: 3.497 Thread 0x0000011853c73220 DEOPT PACKING pc=0x000001185dcba065 sp=0x0000001841bfdee0
Event: 3.497 Thread 0x0000011853c73220 DEOPT UNPACKING pc=0x0000011864d14e42 sp=0x0000001841bfd408 mode 0
Event: 3.516 Thread 0x0000011853c73220 DEOPT PACKING pc=0x000001185dcba086 sp=0x0000001841bfdb50
Event: 3.516 Thread 0x0000011853c73220 DEOPT UNPACKING pc=0x0000011864d14e42 sp=0x0000001841bfd078 mode 0

Classes loaded (20 events):
Event: 2.767 Loading class sun/nio/ch/FileKey
Event: 2.767 Loading class sun/nio/ch/FileKey done
Event: 2.767 Loading class sun/nio/ch/FileLockTable$FileLockReference
Event: 2.767 Loading class sun/nio/ch/FileLockTable$FileLockReference done
Event: 2.767 Loading class java/nio/channels/spi/AbstractInterruptibleChannel$1
Event: 2.767 Loading class sun/nio/ch/Interruptible
Event: 2.768 Loading class sun/nio/ch/Interruptible done
Event: 2.768 Loading class java/nio/channels/spi/AbstractInterruptibleChannel$1 done
Event: 2.768 Loading class java/util/AbstractMap$2
Event: 2.769 Loading class java/util/AbstractMap$2 done
Event: 2.770 Loading class java/util/AbstractMap$ValueIterator
Event: 2.771 Loading class java/util/AbstractMap$ValueIterator done
Event: 2.841 Loading class java/util/StringTokenizer
Event: 2.842 Loading class java/util/StringTokenizer done
Event: 2.843 Loading class java/math/BigDecimal
Event: 2.844 Loading class java/math/BigDecimal done
Event: 2.845 Loading class java/lang/Short$ShortCache
Event: 2.845 Loading class java/lang/Short$ShortCache done
Event: 2.845 Loading class java/lang/Byte$ByteCache
Event: 2.845 Loading class java/lang/Byte$ByteCache done

Classes unloaded (0 events):
No events

Classes redefined (0 events):
No events

Internal exceptions (20 events):
Event: 2.041 Thread 0x0000011853c73220 Exception <a 'java/lang/NoSuchMethodError'{0x000000070f1e5440}: 'void java.lang.invoke.DirectMethodHandle$Holder.invokeStaticInit(java.lang.Object, java.lang.Object, java.lang.Object)'> (0x000000070f1e5440) 
thrown [s\open\src\hotspot\share\interpreter\linkResolver.cpp, line 774]
Event: 2.046 Thread 0x0000011853c73220 Exception <a 'java/lang/ExceptionInInitializerError'{0x000000070ee0ec30}> (0x000000070ee0ec30) 
thrown [s\open\src\hotspot\share\oops\instanceKlass.cpp, line 1247]
Event: 2.088 Thread 0x0000011853c73220 Exception <a 'java/lang/NoSuchMethodError'{0x000000070ef1eab8}: 'long java.lang.invoke.DirectMethodHandle$Holder.invokeStatic(java.lang.Object, java.lang.Object, int)'> (0x000000070ef1eab8) 
thrown [s\open\src\hotspot\share\interpreter\linkResolver.cpp, line 774]
Event: 2.090 Thread 0x0000011853c73220 Exception <a 'java/lang/NoSuchMethodError'{0x000000070ef32230}: 'java.lang.Object java.lang.invoke.DirectMethodHandle$Holder.invokeStatic(java.lang.Object, java.lang.Object, java.lang.Object, java.lang.Object, int)'> (0x000000070ef32230) 
thrown [s\open\src\hotspot\share\interpreter\linkResolver.cpp, line 774]
Event: 2.091 Thread 0x0000011853c73220 Exception <a 'java/lang/NoSuchMethodError'{0x000000070ef3a3e8}: 'java.lang.Object java.lang.invoke.DirectMethodHandle$Holder.invokeSpecial(java.lang.Object, java.lang.Object, java.lang.Object, java.lang.Object, long)'> (0x000000070ef3a3e8) 
thrown [s\open\src\hotspot\share\interpreter\linkResolver.cpp, line 774]
Event: 2.092 Thread 0x0000011853c73220 Exception <a 'java/lang/NoSuchMethodError'{0x000000070ef45f30}: 'java.lang.Object java.lang.invoke.DirectMethodHandle$Holder.invokeSpecial(java.lang.Object, java.lang.Object, java.lang.Object, int, java.lang.Object)'> (0x000000070ef45f30) 
thrown [s\open\src\hotspot\share\interpreter\linkResolver.cpp, line 774]
Event: 2.093 Thread 0x0000011853c73220 Exception <a 'java/lang/NoSuchMethodError'{0x000000070ef4e260}: 'int java.lang.invoke.DirectMethodHandle$Holder.invokeSpecial(java.lang.Object, java.lang.Object, java.lang.Object, int)'> (0x000000070ef4e260) 
thrown [s\open\src\hotspot\share\interpreter\linkResolver.cpp, line 774]
Event: 2.097 Thread 0x0000011853c73220 Implicit null exception at 0x00000118652e4fba to 0x00000118652e51c8
Event: 2.099 Thread 0x0000011853c73220 Exception <a 'java/lang/NoSuchMethodError'{0x000000070ef72f70}: 'java.lang.Object java.lang.invoke.Invokers$Holder.invokeExact_MT(java.lang.Object, int, java.lang.Object)'> (0x000000070ef72f70) 
thrown [s\open\src\hotspot\share\interpreter\linkResolver.cpp, line 774]
Event: 2.337 Thread 0x0000011853c73220 Exception <a 'java/lang/NoSuchMethodError'{0x0000000710fded90}: 'void java.lang.invoke.Invokers$Holder.invokeExact_MT(java.lang.Object, java.lang.Object, java.lang.Object, java.lang.Object)'> (0x0000000710fded90) 
thrown [s\open\src\hotspot\share\interpreter\linkResolver.cpp, line 774]
Event: 2.363 Thread 0x0000011853c73220 Exception <a 'java/lang/NoClassDefFoundError'{0x0000000710c74220}: com/google/inject/servlet/ServletModuleTargetVisitor> (0x0000000710c74220) 
thrown [s\open\src\hotspot\share\classfile\systemDictionary.cpp, line 302]
Event: 2.445 Thread 0x0000011853c73220 Exception <a 'java/lang/NoSuchMethodError'{0x0000000710a35580}: 'void java.lang.invoke.DirectMethodHandle$Holder.invokeVirtual(java.lang.Object, java.lang.Object)'> (0x0000000710a35580) 
thrown [s\open\src\hotspot\share\interpreter\linkResolver.cpp, line 774]
Event: 2.574 Thread 0x0000011853c73220 Exception <a 'java/lang/NoSuchMethodError'{0x0000000710ab49a0}: 'java.lang.Object java.lang.invoke.DirectMethodHandle$Holder.invokeStaticInit(java.lang.Object, int, int, int, int)'> (0x0000000710ab49a0) 
thrown [s\open\src\hotspot\share\interpreter\linkResolver.cpp, line 774]
Event: 2.728 Thread 0x0000011853c73220 Implicit null exception at 0x000001186528e524 to 0x000001186528ebbc
Event: 2.728 Thread 0x0000011853c73220 Implicit null exception at 0x000001186529dd20 to 0x000001186529e3b4
Event: 2.797 Thread 0x0000011853c73220 Exception <a 'java/lang/NoSuchMethodError'{0x00000007105bbf00}: 'void java.lang.invoke.DirectMethodHandle$Holder.invokeSpecial(java.lang.Object, java.lang.Object, java.lang.Object, java.lang.Object, java.lang.Object)'> (0x00000007105bbf00) 
thrown [s\open\src\hotspot\share\interpreter\linkResolver.cpp, line 774]
Event: 2.800 Thread 0x0000011853c73220 Exception <a 'java/lang/NoSuchMethodError'{0x00000007105d63c8}: 'java.lang.Object java.lang.invoke.DirectMethodHandle$Holder.invokeVirtual(java.lang.Object, java.lang.Object, java.lang.Object)'> (0x00000007105d63c8) 
thrown [s\open\src\hotspot\share\interpreter\linkResolver.cpp, line 774]
Event: 2.802 Thread 0x0000011853c73220 Exception <a 'java/lang/NoSuchMethodError'{0x00000007105e36a0}: 'void java.lang.invoke.DirectMethodHandle$Holder.invokeSpecial(java.lang.Object, java.lang.Object, java.lang.Object, java.lang.Object, java.lang.Object, java.lang.Object)'> (0x00000007105e36a0) 
thrown [s\open\src\hotspot\share\interpreter\linkResolver.cpp, line 774]
Event: 2.853 Thread 0x0000011853c73220 Exception <a 'java/lang/NoSuchMethodError'{0x000000071035bec0}: 'void java.lang.invoke.DirectMethodHandle$Holder.invokeVirtual(java.lang.Object, java.lang.Object, int)'> (0x000000071035bec0) 
thrown [s\open\src\hotspot\share\interpreter\linkResolver.cpp, line 774]
Event: 2.853 Thread 0x0000011853c73220 Exception <a 'java/lang/NoSuchMethodError'{0x00000007103632c0}: 'void java.lang.invoke.DelegatingMethodHandle$Holder.reinvoke_L(java.lang.Object, java.lang.Object, int)'> (0x00000007103632c0) 
thrown [s\open\src\hotspot\share\interpreter\linkResolver.cpp, line 774]

ZGC Phase Switch (0 events):
No events

VM Operations (20 events):
Event: 2.143 Executing VM operation: HandshakeAllThreads (Deoptimize)
Event: 2.143 Executing VM operation: HandshakeAllThreads (Deoptimize) done
Event: 2.206 Executing VM operation: HandshakeAllThreads (Deoptimize)
Event: 2.206 Executing VM operation: HandshakeAllThreads (Deoptimize) done
Event: 2.330 Executing VM operation: HandshakeAllThreads (Deoptimize)
Event: 2.330 Executing VM operation: HandshakeAllThreads (Deoptimize) done
Event: 2.443 Executing VM operation: ICBufferFull
Event: 2.443 Executing VM operation: ICBufferFull done
Event: 2.459 Executing VM operation: HandshakeAllThreads (Deoptimize)
Event: 2.459 Executing VM operation: HandshakeAllThreads (Deoptimize) done
Event: 2.591 Executing VM operation: HandshakeAllThreads (Deoptimize)
Event: 2.591 Executing VM operation: HandshakeAllThreads (Deoptimize) done
Event: 2.631 Executing VM operation: HandshakeAllThreads (Deoptimize)
Event: 2.631 Executing VM operation: HandshakeAllThreads (Deoptimize) done
Event: 2.652 Executing VM operation: HandshakeAllThreads (Deoptimize)
Event: 2.652 Executing VM operation: HandshakeAllThreads (Deoptimize) done
Event: 2.688 Executing VM operation: HandshakeAllThreads (Deoptimize)
Event: 2.688 Executing VM operation: HandshakeAllThreads (Deoptimize) done
Event: 2.966 Executing VM operation: ICBufferFull
Event: 2.966 Executing VM operation: ICBufferFull done

Memory protections (0 events):
No events

Nmethod flushes (0 events):
No events

Events (17 events):
Event: 0.046 Thread 0x0000011853c73220 Thread added: 0x0000011853c73220
Event: 0.068 Thread 0x0000011853c73220 Thread added: 0x00000118750cab30
Event: 0.068 Thread 0x0000011853c73220 Thread added: 0x00000118750cbc00
Event: 0.069 Thread 0x0000011853c73220 Thread added: 0x00000118750d3820
Event: 0.069 Thread 0x0000011853c73220 Thread added: 0x00000118750d45e0
Event: 0.069 Thread 0x0000011853c73220 Thread added: 0x00000118750d53a0
Event: 0.069 Thread 0x0000011853c73220 Thread added: 0x00000118750d65a0
Event: 0.070 Thread 0x0000011853c73220 Thread added: 0x00000118750d9c90
Event: 0.070 Thread 0x0000011853c73220 Thread added: 0x00000118451309e0
Event: 0.096 Thread 0x0000011853c73220 Thread added: 0x0000011845250dd0
Event: 0.100 Thread 0x0000011853c73220 Thread added: 0x0000011845258f20
Event: 0.315 Thread 0x00000118750d9c90 Thread added: 0x00000118455283a0
Event: 0.368 Thread 0x0000011853c73220 Thread added: 0x0000011845507a00
Event: 0.400 Thread 0x0000011845507a00 Thread exited: 0x0000011845507a00
Event: 2.041 Thread 0x00000118455283a0 Thread exited: 0x00000118455283a0
Event: 2.651 Thread 0x0000011853c73220 Thread added: 0x00000118461664a0
Event: 3.157 Thread 0x00000118750d9c90 Thread added: 0x000001184651c480


Dynamic libraries:
0x00007ff79a3f0000 - 0x00007ff79a400000 	C:\Program Files\Java\jdk-22\bin\java.exe
0x00007ffe17c30000 - 0x00007ffe17e28000 	C:\Windows\SYSTEM32\ntdll.dll
0x00007ffe176f0000 - 0x00007ffe177b1000 	C:\Windows\System32\KERNEL32.DLL
0x00007ffe15620000 - 0x00007ffe1591d000 	C:\Windows\System32\KERNELBASE.dll
0x00007ffe159b0000 - 0x00007ffe15ab0000 	C:\Windows\System32\ucrtbase.dll
0x00007ffdd79a0000 - 0x00007ffdd79b7000 	C:\Program Files\Java\jdk-22\bin\jli.dll
0x00007ffdd60a0000 - 0x00007ffdd60bb000 	C:\Program Files\Java\jdk-22\bin\VCRUNTIME140.dll
0x00007ffe16160000 - 0x00007ffe162fd000 	C:\Windows\System32\USER32.dll
0x00007ffe15c00000 - 0x00007ffe15c22000 	C:\Windows\System32\win32u.dll
0x00007ffe16880000 - 0x00007ffe168ab000 	C:\Windows\System32\GDI32.dll
0x00007ffdfc1b0000 - 0x00007ffdfc44a000 	C:\Windows\WinSxS\amd64_microsoft.windows.common-controls_6595b64144ccf1df_6.0.19041.4355_none_60b8b9eb71f62e16\COMCTL32.dll
0x00007ffe152b0000 - 0x00007ffe153c7000 	C:\Windows\System32\gdi32full.dll
0x00007ffe168b0000 - 0x00007ffe1694e000 	C:\Windows\System32\msvcrt.dll
0x00007ffe153d0000 - 0x00007ffe1546d000 	C:\Windows\System32\msvcp_win.dll
0x00007ffe15d70000 - 0x00007ffe15d9f000 	C:\Windows\System32\IMM32.DLL
0x00007ffe0d6b0000 - 0x00007ffe0d6bc000 	C:\Program Files\Java\jdk-22\bin\vcruntime140_1.dll
0x00007ffdc9d60000 - 0x00007ffdc9dee000 	C:\Program Files\Java\jdk-22\bin\msvcp140.dll
0x00007ffd92b30000 - 0x00007ffd93879000 	C:\Program Files\Java\jdk-22\bin\server\jvm.dll
0x00007ffe167d0000 - 0x00007ffe16880000 	C:\Windows\System32\ADVAPI32.dll
0x00007ffe16ee0000 - 0x00007ffe16f80000 	C:\Windows\System32\sechost.dll
0x00007ffe17a90000 - 0x00007ffe17bb3000 	C:\Windows\System32\RPCRT4.dll
0x00007ffe15ab0000 - 0x00007ffe15ad7000 	C:\Windows\System32\bcrypt.dll
0x00007ffe16950000 - 0x00007ffe169bb000 	C:\Windows\System32\WS2_32.dll
0x00007ffe14790000 - 0x00007ffe147db000 	C:\Windows\SYSTEM32\POWRPROF.dll
0x00007ffe02de0000 - 0x00007ffe02e07000 	C:\Windows\SYSTEM32\WINMM.dll
0x00007ffe0c8c0000 - 0x00007ffe0c8ca000 	C:\Windows\SYSTEM32\VERSION.dll
0x00007ffe14660000 - 0x00007ffe14672000 	C:\Windows\SYSTEM32\UMPDC.dll
0x00007ffe13b00000 - 0x00007ffe13b12000 	C:\Windows\SYSTEM32\kernel.appcore.dll
0x00007ffe0d620000 - 0x00007ffe0d62a000 	C:\Program Files\Java\jdk-22\bin\jimage.dll
0x00007ffe13480000 - 0x00007ffe13664000 	C:\Windows\SYSTEM32\DBGHELP.DLL
0x00007ffdfc8c0000 - 0x00007ffdfc8f4000 	C:\Windows\SYSTEM32\dbgcore.DLL
0x00007ffe15920000 - 0x00007ffe159a2000 	C:\Windows\System32\bcryptPrimitives.dll
0x00007ffdd4830000 - 0x00007ffdd484e000 	C:\Program Files\Java\jdk-22\bin\java.dll
0x00007ffe16f80000 - 0x00007ffe176ef000 	C:\Windows\System32\SHELL32.dll
0x00007ffe166a0000 - 0x00007ffe167cb000 	C:\Windows\System32\ole32.dll
0x00007ffe15da0000 - 0x00007ffe160f3000 	C:\Windows\System32\combase.dll
0x00007ffe12c20000 - 0x00007ffe133bf000 	C:\Windows\SYSTEM32\windows.storage.dll
0x00007ffe14bf0000 - 0x00007ffe14c1e000 	C:\Windows\SYSTEM32\Wldp.dll
0x00007ffe178e0000 - 0x00007ffe179ad000 	C:\Windows\System32\OLEAUT32.dll
0x00007ffe169c0000 - 0x00007ffe16a6d000 	C:\Windows\System32\SHCORE.dll
0x00007ffe179b0000 - 0x00007ffe17a05000 	C:\Windows\System32\shlwapi.dll
0x00007ffe151e0000 - 0x00007ffe15204000 	C:\Windows\SYSTEM32\profapi.dll
0x00007ffdb8b90000 - 0x00007ffdb8c67000 	C:\Program Files\Java\jdk-22\bin\jsvml.dll
0x00007ffe0ad40000 - 0x00007ffe0ad50000 	C:\Program Files\Java\jdk-22\bin\net.dll
0x00007ffe149d0000 - 0x00007ffe14a3a000 	C:\Windows\system32\mswsock.dll
0x00007ffdd4120000 - 0x00007ffdd4136000 	C:\Program Files\Java\jdk-22\bin\nio.dll
0x00007ffdd4040000 - 0x00007ffdd4057000 	C:\Program Files\Java\jdk-22\bin\zip.dll
0x00007ffdd0e90000 - 0x00007ffdd0eb4000 	C:\Users\a.dahy.ext\.m2\wrapper\dists\apache-maven-3.9.7\744dcc12d591e1ad9413e3296c618fd8\lib\jansi-native\Windows\x86_64\jansi.dll
0x00007ffdead20000 - 0x00007ffdead30000 	C:\Program Files\Java\jdk-22\bin\verify.dll

dbghelp: loaded successfully - version: 4.0.5 - missing functions: none
symbol engine: initialized successfully - sym options: 0x614 - pdb path: .;C:\Program Files\Java\jdk-22\bin;C:\Windows\SYSTEM32;C:\Windows\WinSxS\amd64_microsoft.windows.common-controls_6595b64144ccf1df_6.0.19041.4355_none_60b8b9eb71f62e16;C:\Program Files\Java\jdk-22\bin\server;C:\Users\a.dahy.ext\.m2\wrapper\dists\apache-maven-3.9.7\744dcc12d591e1ad9413e3296c618fd8\lib\jansi-native\Windows\x86_64

VM Arguments:
jvm_args: -Dclassworlds.conf=C:\Users\a.dahy.ext\.m2\wrapper\dists\apache-maven-3.9.7\744dcc12d591e1ad9413e3296c618fd8\bin\m2.conf -Dmaven.home=C:\Users\a.dahy.ext\.m2\wrapper\dists\apache-maven-3.9.7\744dcc12d591e1ad9413e3296c618fd8 -Dlibrary.jansi.path=C:\Users\a.dahy.ext\.m2\wrapper\dists\apache-maven-3.9.7\744dcc12d591e1ad9413e3296c618fd8\lib\jansi-native -Dmaven.multiModuleProjectDirectory=C:\Users\a.dahy.ext\Downloads\demo 
java_command: org.codehaus.plexus.classworlds.launcher.Launcher install -f c:\Users\a.dahy.ext\Downloads\demo\pom.xml
java_class_path (initial): C:\Users\a.dahy.ext\.m2\wrapper\dists\apache-maven-3.9.7\744dcc12d591e1ad9413e3296c618fd8\boot\plexus-classworlds-2.8.0.jar
Launcher Type: SUN_STANDARD

[Global flags]
     intx CICompilerCount                          = 4                                         {product} {ergonomic}
     uint ConcGCThreads                            = 3                                         {product} {ergonomic}
     uint G1ConcRefinementThreads                  = 10                                        {product} {ergonomic}
   size_t G1HeapRegionSize                         = 2097152                                   {product} {ergonomic}
   size_t InitialHeapSize                          = 268435456                                 {product} {ergonomic}
   size_t MarkStackSize                            = 4194304                                   {product} {ergonomic}
   size_t MaxHeapSize                              = 4271898624                                {product} {ergonomic}
   size_t MaxNewSize                               = 2562719744                                {product} {ergonomic}
   size_t MinHeapDeltaBytes                        = 2097152                                   {product} {ergonomic}
   size_t MinHeapSize                              = 8388608                                   {product} {ergonomic}
    uintx NonNMethodCodeHeapSize                   = 5839372                                {pd product} {ergonomic}
    uintx NonProfiledCodeHeapSize                  = 122909434                              {pd product} {ergonomic}
    uintx ProfiledCodeHeapSize                     = 122909434                              {pd product} {ergonomic}
    uintx ReservedCodeCacheSize                    = 251658240                              {pd product} {ergonomic}
     bool SegmentedCodeCache                       = true                                      {product} {ergonomic}
   size_t SoftMaxHeapSize                          = 4271898624                             {manageable} {ergonomic}
     bool UseCompressedOops                        = true                           {product lp64_product} {ergonomic}
     bool UseG1GC                                  = true                                      {product} {ergonomic}
     bool UseLargePagesIndividualAllocation        = false                                  {pd product} {ergonomic}

Logging:
Log output configuration:
 #0: stdout all=warning uptime,level,tags foldmultilines=false
 #1: stderr all=off uptime,level,tags foldmultilines=false

Environment Variables:
JAVA_HOME=C:\Program Files\Java\jdk-22
PATH=C:\Program Files\Java\jdk-22\bin;C:\ffmpeg\bin;C:\Program Files\Common Files\Oracle\Java\javapath;C:\Python310\Scripts\;C:\Python310\;C:\Windows\system32;C:\Windows;C:\Windows\System32\Wbem;C:\Windows\System32\WindowsPowerShell\v1.0\;C:\Windows\System32\OpenSSH\;C:\ProgramData\chocolatey\bin;C:\Users\a.dahy.ext\AppData\Roaming\npm;C:\Users\a.dahy.ext\AppData\Local\Microsoft\WindowsApps;C:\Users\a.dahy.ext\AppData\Local\Programs\Microsoft VS Code\bin;C:\Program Files\PuTTY\;C:\minikube;C:\Program Files (x86)\Yarn\bin\;C:\Program Files\Microsoft SQL Server\130\Tools\Binn\;C:\Program Files\Microsoft SQL Server\Client SDK\ODBC\170\Tools\Binn\;C:\Program Files (x86)\Microsoft SQL Server\160\Tools\Binn\;C:\Program Files\Microsoft SQL Server\160\Tools\Binn\;C:\Program Files\Microsoft SQL Server\160\DTS\Binn\;C:\Program Files (x86)\Microsoft SQL Server\160\DTS\Binn\;C:\Program Files\Azure Data Studio\bin;C:\Users\a.dahy.ext\Downloads\cmake-3.25.2-windows-x86_64\bin;C:\cygnus\cygwin-b20\H-i586-cygwin32\bin;C:\Program Files\Git\cmd;C:\Program Files\Go\bin;C:\Program Files\Docker\Docker\resources\bin;C:\ProgramData\nvm;C:\Program Files\nodejs;C:\Program Files\Amazon\AWSCLIV2\;C:\protoc\bin\;C:\Program Files\MySQL\MySQL Shell 8.0\bin\;C:\Users\a.dahy.ext\AppData\Local\Programs\Python\Launcher\;C:\Users\a.dahy.ext\.cargo\bin;C:\Users\a.dahy.ext\AppData\Local\Microsoft\WindowsApps;C:\Program Files\JetBrains\IntelliJ IDEA Community Edition 2023.1.2\bin;C:\apache-maven-3.8.6\apache-maven-3.8.6\bin;C:\Users\a.dahy.ext\AppData\Local\Programs\msvscode\bin;C:\Users\a.dahy.ext\go\bin;C:\Users\a.dahy.ext\AppData\Local\Yarn\bin;C:\Program Files\Azure Data Studio\bin;C:\mongosh-1.10.1-win32-x64\bin;C:\mysql-8.1.0-winx64\bin;C:\ProgramData\nvm;C:\Program Files\nodejs;C:\Users\a.dahy.ext\AppData\Local\Coursier\data\bin;C:\protoc\bin\;C:\Program Files\JetBrains\WebStorm 2024.1.5\bin;;C:\Program Files\Java\jdk-22\bin;
USERNAME=a.dahy.ext
LANG=en_US.UTF-8
OS=Windows_NT
PROCESSOR_IDENTIFIER=Intel64 Family 6 Model 158 Stepping 13, GenuineIntel
TMP=C:\Users\ADAHY~1.EXT\AppData\Local\Temp
TEMP=C:\Users\ADAHY~1.EXT\AppData\Local\Temp




Periodic native trim disabled

---------------  S Y S T E M  ---------------

OS:
 Windows 10 , 64 bit Build 19041 (10.0.19041.4717)
OS uptime: 6 days 3:13 hours
Hyper-V role detected

CPU: total 12 (initial active 12) (6 cores per cpu, 2 threads per core) family 6 model 158 stepping 13 microcode 0xf0, cx8, cmov, fxsr, ht, mmx, 3dnowpref, sse, sse2, sse3, ssse3, sse4.1, sse4.2, popcnt, lzcnt, tsc, tscinvbit, avx, avx2, aes, erms, clmul, bmi1, bmi2, adx, fma, vzeroupper, clflush, clflushopt, hv, rdtscp, f16c
Processor Information for all 12 processors :
  Max Mhz: 2592, Current Mhz: 2592, Mhz Limit: 2592

Memory: 4k page, system-wide physical 16295M (422M free)
TotalPageFile size 65447M (AvailPageFile size 28M)
current process WorkingSet (physical memory assigned to process): 125M, peak: 125M
current process commit charge ("private bytes"): 383M, peak: 384M

vm_info: Java HotSpot(TM) 64-Bit Server VM (22.0.2+9-70) for windows-amd64 JRE (22.0.2+9-70), built on 2024-06-04T16:52:23Z by "mach5one" with MS VC++ 17.6 (VS2022)

END.
